{"T:\\Repos\\multibot-web-ex\\server.js": {"path":"T:\\Repos\\multibot-web-ex\\server.js","statementMap":{"0":{"start":{"line":19,"column":0},"end":{"line":19,"column":16}},"1":{"start":{"line":21,"column":12},"end":{"line":21,"column":21}},"2":{"start":{"line":22,"column":19},"end":{"line":22,"column":49}},"3":{"start":{"line":23,"column":18},"end":{"line":23,"column":42}},"4":{"start":{"line":24,"column":13},"end":{"line":24,"column":37}},"5":{"start":{"line":27,"column":15},"end":{"line":27,"column":37}},"6":{"start":{"line":30,"column":0},"end":{"line":39,"column":4}},"7":{"start":{"line":42,"column":0},"end":{"line":42,"column":24}},"8":{"start":{"line":43,"column":0},"end":{"line":43,"column":48}},"9":{"start":{"line":46,"column":0},"end":{"line":46,"column":33}},"10":{"start":{"line":47,"column":0},"end":{"line":50,"column":23}},"11":{"start":{"line":48,"column":2},"end":{"line":48,"column":127}},"12":{"start":{"line":49,"column":2},"end":{"line":49,"column":9}},"13":{"start":{"line":51,"column":0},"end":{"line":54,"column":19}},"14":{"start":{"line":52,"column":2},"end":{"line":52,"column":122}},"15":{"start":{"line":53,"column":2},"end":{"line":53,"column":9}},"16":{"start":{"line":55,"column":0},"end":{"line":55,"column":36}},"17":{"start":{"line":56,"column":0},"end":{"line":56,"column":29}},"18":{"start":{"line":57,"column":0},"end":{"line":57,"column":40}},"19":{"start":{"line":58,"column":0},"end":{"line":58,"column":39}},"20":{"start":{"line":59,"column":0},"end":{"line":59,"column":26}},"21":{"start":{"line":62,"column":0},"end":{"line":62,"column":56}},"22":{"start":{"line":65,"column":0},"end":{"line":68,"column":3}},"23":{"start":{"line":66,"column":2},"end":{"line":66,"column":31}},"24":{"start":{"line":67,"column":2},"end":{"line":67,"column":48}},"25":{"start":{"line":71,"column":12},"end":{"line":71,"column":43}},"26":{"start":{"line":73,"column":0},"end":{"line":152,"column":3}},"27":{"start":{"line":74,"column":2},"end":{"line":74,"column":29}},"28":{"start":{"line":75,"column":2},"end":{"line":75,"column":19}},"29":{"start":{"line":76,"column":2},"end":{"line":76,"column":25}},"30":{"start":{"line":78,"column":2},"end":{"line":143,"column":5}},"31":{"start":{"line":79,"column":4},"end":{"line":142,"column":5}},"32":{"start":{"line":80,"column":19},"end":{"line":80,"column":49}},"33":{"start":{"line":83,"column":6},"end":{"line":133,"column":7}},"34":{"start":{"line":84,"column":22},"end":{"line":84,"column":32}},"35":{"start":{"line":86,"column":8},"end":{"line":93,"column":9}},"36":{"start":{"line":87,"column":10},"end":{"line":90,"column":14}},"37":{"start":{"line":91,"column":10},"end":{"line":91,"column":21}},"38":{"start":{"line":92,"column":10},"end":{"line":92,"column":17}},"39":{"start":{"line":96,"column":8},"end":{"line":96,"column":114}},"40":{"start":{"line":97,"column":26},"end":{"line":97,"column":57}},"41":{"start":{"line":99,"column":8},"end":{"line":107,"column":9}},"42":{"start":{"line":100,"column":10},"end":{"line":100,"column":97}},"43":{"start":{"line":101,"column":10},"end":{"line":104,"column":14}},"44":{"start":{"line":105,"column":10},"end":{"line":105,"column":21}},"45":{"start":{"line":106,"column":10},"end":{"line":106,"column":17}},"46":{"start":{"line":109,"column":8},"end":{"line":109,"column":85}},"47":{"start":{"line":112,"column":8},"end":{"line":112,"column":34}},"48":{"start":{"line":113,"column":8},"end":{"line":113,"column":45}},"49":{"start":{"line":114,"column":8},"end":{"line":114,"column":30}},"50":{"start":{"line":116,"column":8},"end":{"line":119,"column":12}},"51":{"start":{"line":121,"column":8},"end":{"line":121,"column":105}},"52":{"start":{"line":124,"column":11},"end":{"line":133,"column":7}},"53":{"start":{"line":126,"column":8},"end":{"line":126,"column":32}},"54":{"start":{"line":127,"column":8},"end":{"line":127,"column":34}},"55":{"start":{"line":128,"column":8},"end":{"line":128,"column":31}},"56":{"start":{"line":129,"column":8},"end":{"line":132,"column":12}},"57":{"start":{"line":135,"column":6},"end":{"line":135,"column":47}},"58":{"start":{"line":136,"column":6},"end":{"line":141,"column":7}},"59":{"start":{"line":137,"column":8},"end":{"line":140,"column":12}},"60":{"start":{"line":145,"column":2},"end":{"line":151,"column":5}},"61":{"start":{"line":146,"column":4},"end":{"line":150,"column":5}},"62":{"start":{"line":147,"column":6},"end":{"line":147,"column":87}},"63":{"start":{"line":149,"column":6},"end":{"line":149,"column":85}},"64":{"start":{"line":155,"column":0},"end":{"line":155,"column":21}},"65":{"start":{"line":156,"column":0},"end":{"line":156,"column":24}},"66":{"start":{"line":159,"column":0},"end":{"line":161,"column":3}},"67":{"start":{"line":160,"column":2},"end":{"line":160,"column":60}}},"fnMap":{"0":{"name":"(anonymous_0)","decl":{"start":{"line":47,"column":31},"end":{"line":47,"column":32}},"loc":{"start":{"line":47,"column":51},"end":{"line":50,"column":1}},"line":47},"1":{"name":"(anonymous_1)","decl":{"start":{"line":51,"column":26},"end":{"line":51,"column":27}},"loc":{"start":{"line":51,"column":46},"end":{"line":54,"column":1}},"line":51},"2":{"name":"(anonymous_2)","decl":{"start":{"line":65,"column":8},"end":{"line":65,"column":9}},"loc":{"start":{"line":65,"column":33},"end":{"line":68,"column":1}},"line":65},"3":{"name":"(anonymous_3)","decl":{"start":{"line":73,"column":21},"end":{"line":73,"column":22}},"loc":{"start":{"line":73,"column":34},"end":{"line":152,"column":1}},"line":73},"4":{"name":"(anonymous_4)","decl":{"start":{"line":78,"column":19},"end":{"line":78,"column":20}},"loc":{"start":{"line":78,"column":38},"end":{"line":143,"column":3}},"line":78},"5":{"name":"(anonymous_5)","decl":{"start":{"line":145,"column":17},"end":{"line":145,"column":18}},"loc":{"start":{"line":145,"column":23},"end":{"line":151,"column":3}},"line":145},"6":{"name":"(anonymous_6)","decl":{"start":{"line":159,"column":20},"end":{"line":159,"column":21}},"loc":{"start":{"line":159,"column":26},"end":{"line":161,"column":1}},"line":159}},"branchMap":{"0":{"loc":{"start":{"line":24,"column":13},"end":{"line":24,"column":37}},"type":"binary-expr","locations":[{"start":{"line":24,"column":13},"end":{"line":24,"column":29}},{"start":{"line":24,"column":33},"end":{"line":24,"column":37}}],"line":24},"1":{"loc":{"start":{"line":31,"column":10},"end":{"line":31,"column":69}},"type":"binary-expr","locations":[{"start":{"line":31,"column":10},"end":{"line":31,"column":36}},{"start":{"line":31,"column":40},"end":{"line":31,"column":69}}],"line":31},"2":{"loc":{"start":{"line":83,"column":6},"end":{"line":133,"column":7}},"type":"if","locations":[{"start":{"line":83,"column":6},"end":{"line":133,"column":7}},{"start":{"line":124,"column":11},"end":{"line":133,"column":7}}],"line":83},"3":{"loc":{"start":{"line":86,"column":8},"end":{"line":93,"column":9}},"type":"if","locations":[{"start":{"line":86,"column":8},"end":{"line":93,"column":9}},{"start":{},"end":{}}],"line":86},"4":{"loc":{"start":{"line":99,"column":8},"end":{"line":107,"column":9}},"type":"if","locations":[{"start":{"line":99,"column":8},"end":{"line":107,"column":9}},{"start":{},"end":{}}],"line":99},"5":{"loc":{"start":{"line":124,"column":11},"end":{"line":133,"column":7}},"type":"if","locations":[{"start":{"line":124,"column":11},"end":{"line":133,"column":7}},{"start":{},"end":{}}],"line":124},"6":{"loc":{"start":{"line":136,"column":6},"end":{"line":141,"column":7}},"type":"if","locations":[{"start":{"line":136,"column":6},"end":{"line":141,"column":7}},{"start":{},"end":{}}],"line":136},"7":{"loc":{"start":{"line":146,"column":4},"end":{"line":150,"column":5}},"type":"if","locations":[{"start":{"line":146,"column":4},"end":{"line":150,"column":5}},{"start":{"line":148,"column":11},"end":{"line":150,"column":5}}],"line":146}},"s":{"0":0,"1":0,"2":0,"3":0,"4":0,"5":0,"6":0,"7":0,"8":0,"9":0,"10":0,"11":0,"12":0,"13":0,"14":0,"15":0,"16":0,"17":0,"18":0,"19":0,"20":0,"21":0,"22":0,"23":0,"24":0,"25":0,"26":0,"27":0,"28":0,"29":0,"30":0,"31":0,"32":0,"33":0,"34":0,"35":0,"36":0,"37":0,"38":0,"39":0,"40":0,"41":0,"42":0,"43":0,"44":0,"45":0,"46":0,"47":0,"48":0,"49":0,"50":0,"51":0,"52":0,"53":0,"54":0,"55":0,"56":0,"57":0,"58":0,"59":0,"60":0,"61":0,"62":0,"63":0,"64":0,"65":0,"66":0,"67":0},"f":{"0":0,"1":0,"2":0,"3":0,"4":0,"5":0,"6":0},"b":{"0":[0,0],"1":[0,0],"2":[0,0],"3":[0,0],"4":[0,0],"5":[0,0],"6":[0,0],"7":[0,0]},"inputSourceMap":null}
,"T:\\Repos\\multibot-web-ex\\config\\database.js": {"path":"T:\\Repos\\multibot-web-ex\\config\\database.js","statementMap":{"0":{"start":{"line":4,"column":0},"end":{"line":4,"column":16}},"1":{"start":{"line":6,"column":17},"end":{"line":6,"column":19}},"2":{"start":{"line":8,"column":13},"end":{"line":11,"column":2}}},"fnMap":{},"branchMap":{"0":{"loc":{"start":{"line":10,"column":7},"end":{"line":10,"column":84}},"type":"cond-expr","locations":[{"start":{"line":10,"column":47},"end":{"line":10,"column":76}},{"start":{"line":10,"column":79},"end":{"line":10,"column":84}}],"line":10}},"s":{"0":1,"1":1,"2":1},"f":{},"b":{"0":[0,1]},"inputSourceMap":null,"_coverageSchema":"1a1c01bbd47fc00a2c39e90264f33305004495a9","hash":"bb2799fa5f5ca946efacdeb4a32e9e153058dd9d"}
,"T:\\Repos\\multibot-web-ex\\config\\encryption.js": {"path":"T:\\Repos\\multibot-web-ex\\config\\encryption.js","statementMap":{"0":{"start":{"line":4,"column":0},"end":{"line":4,"column":16}},"1":{"start":{"line":6,"column":23},"end":{"line":6,"column":91}},"2":{"start":{"line":7,"column":18},"end":{"line":7,"column":31}},"3":{"start":{"line":10,"column":2},"end":{"line":10,"column":58}},"4":{"start":{"line":14,"column":13},"end":{"line":14,"column":35}},"5":{"start":{"line":15,"column":17},"end":{"line":15,"column":63}},"6":{"start":{"line":16,"column":18},"end":{"line":16,"column":52}},"7":{"start":{"line":17,"column":2},"end":{"line":17,"column":35}},"8":{"start":{"line":18,"column":2},"end":{"line":18,"column":46}},"9":{"start":{"line":22,"column":16},"end":{"line":22,"column":40}},"10":{"start":{"line":23,"column":13},"end":{"line":23,"column":41}},"11":{"start":{"line":24,"column":20},"end":{"line":24,"column":28}},"12":{"start":{"line":25,"column":19},"end":{"line":25,"column":67}},"13":{"start":{"line":26,"column":18},"end":{"line":26,"column":59}},"14":{"start":{"line":27,"column":2},"end":{"line":27,"column":38}},"15":{"start":{"line":28,"column":2},"end":{"line":28,"column":19}}},"fnMap":{"0":{"name":"getKey","decl":{"start":{"line":9,"column":9},"end":{"line":9,"column":15}},"loc":{"start":{"line":9,"column":18},"end":{"line":11,"column":1}},"line":9},"1":{"name":"encrypt","decl":{"start":{"line":13,"column":16},"end":{"line":13,"column":23}},"loc":{"start":{"line":13,"column":30},"end":{"line":19,"column":1}},"line":13},"2":{"name":"decrypt","decl":{"start":{"line":21,"column":16},"end":{"line":21,"column":23}},"loc":{"start":{"line":21,"column":39},"end":{"line":29,"column":1}},"line":21}},"branchMap":{"0":{"loc":{"start":{"line":6,"column":23},"end":{"line":6,"column":91}},"type":"binary-expr","locations":[{"start":{"line":6,"column":23},"end":{"line":6,"column":49}},{"start":{"line":6,"column":53},"end":{"line":6,"column":91}}],"line":6}},"s":{"0":2,"1":2,"2":2,"3":15,"4":9,"5":9,"6":9,"7":9,"8":9,"9":6,"10":6,"11":6,"12":6,"13":6,"14":6,"15":6},"f":{"0":15,"1":9,"2":6},"b":{"0":[2,0]},"inputSourceMap":null,"_coverageSchema":"1a1c01bbd47fc00a2c39e90264f33305004495a9","hash":"504d83a6f2e4c535855239a7b679bee3a79af431"}
,"T:\\Repos\\multibot-web-ex\\config\\twitch.js": {"path":"T:\\Repos\\multibot-web-ex\\config\\twitch.js","statementMap":{"0":{"start":{"line":3,"column":0},"end":{"line":3,"column":16}},"1":{"start":{"line":5,"column":28},"end":{"line":21,"column":1}}},"fnMap":{},"branchMap":{"0":{"loc":{"start":{"line":8,"column":15},"end":{"line":8,"column":94}},"type":"binary-expr","locations":[{"start":{"line":8,"column":15},"end":{"line":8,"column":46}},{"start":{"line":8,"column":50},"end":{"line":8,"column":94}}],"line":8}},"s":{"0":2,"1":2},"f":{},"b":{"0":[2,0]},"inputSourceMap":null,"_coverageSchema":"1a1c01bbd47fc00a2c39e90264f33305004495a9","hash":"aaf40403e4b4eff98ec73423f92434f2dfb2ba00"}
,"T:\\Repos\\multibot-web-ex\\controllers\\audioCommandController.js": {"path":"T:\\Repos\\multibot-web-ex\\controllers\\audioCommandController.js","statementMap":{"0":{"start":{"line":14,"column":19},"end":{"line":14,"column":49}},"1":{"start":{"line":15,"column":18},"end":{"line":15,"column":42}},"2":{"start":{"line":21,"column":2},"end":{"line":26,"column":3}},"3":{"start":{"line":22,"column":17},"end":{"line":22,"column":54}},"4":{"start":{"line":23,"column":4},"end":{"line":23,"column":33}},"5":{"start":{"line":25,"column":4},"end":{"line":25,"column":16}},"6":{"start":{"line":33,"column":2},"end":{"line":120,"column":3}},"7":{"start":{"line":34,"column":25},"end":{"line":34,"column":43}},"8":{"start":{"line":35,"column":4},"end":{"line":40,"column":7}},"9":{"start":{"line":42,"column":4},"end":{"line":45,"column":5}},"10":{"start":{"line":43,"column":6},"end":{"line":43,"column":62}},"11":{"start":{"line":44,"column":6},"end":{"line":44,"column":66}},"12":{"start":{"line":47,"column":41},"end":{"line":47,"column":49}},"13":{"start":{"line":48,"column":17},"end":{"line":48,"column":25}},"14":{"start":{"line":50,"column":4},"end":{"line":52,"column":5}},"15":{"start":{"line":51,"column":6},"end":{"line":51,"column":68}},"16":{"start":{"line":55,"column":28},"end":{"line":55,"column":48}},"17":{"start":{"line":56,"column":4},"end":{"line":56,"column":122}},"18":{"start":{"line":57,"column":19},"end":{"line":57,"column":63}},"19":{"start":{"line":58,"column":4},"end":{"line":58,"column":59}},"20":{"start":{"line":60,"column":4},"end":{"line":68,"column":5}},"21":{"start":{"line":61,"column":6},"end":{"line":61,"column":94}},"22":{"start":{"line":62,"column":6},"end":{"line":62,"column":86}},"23":{"start":{"line":64,"column":36},"end":{"line":64,"column":69}},"24":{"start":{"line":65,"column":21},"end":{"line":65,"column":61}},"25":{"start":{"line":66,"column":6},"end":{"line":66,"column":119}},"26":{"start":{"line":67,"column":6},"end":{"line":67,"column":106}},"27":{"start":{"line":70,"column":19},"end":{"line":70,"column":23}},"28":{"start":{"line":71,"column":19},"end":{"line":71,"column":20}},"29":{"start":{"line":74,"column":4},"end":{"line":92,"column":5}},"30":{"start":{"line":76,"column":6},"end":{"line":76,"column":62}},"31":{"start":{"line":77,"column":6},"end":{"line":77,"column":27}},"32":{"start":{"line":78,"column":11},"end":{"line":92,"column":5}},"33":{"start":{"line":80,"column":6},"end":{"line":89,"column":7}},"34":{"start":{"line":81,"column":31},"end":{"line":81,"column":74}},"35":{"start":{"line":82,"column":8},"end":{"line":82,"column":43}},"36":{"start":{"line":83,"column":8},"end":{"line":83,"column":43}},"37":{"start":{"line":85,"column":8},"end":{"line":88,"column":11}},"38":{"start":{"line":91,"column":6},"end":{"line":91,"column":86}},"39":{"start":{"line":95,"column":25},"end":{"line":103,"column":6}},"40":{"start":{"line":106,"column":4},"end":{"line":106,"column":46}},"41":{"start":{"line":108,"column":4},"end":{"line":111,"column":7}},"42":{"start":{"line":113,"column":4},"end":{"line":113,"column":58}},"43":{"start":{"line":115,"column":25},"end":{"line":115,"column":57}},"44":{"start":{"line":116,"column":4},"end":{"line":119,"column":7}},"45":{"start":{"line":127,"column":2},"end":{"line":149,"column":3}},"46":{"start":{"line":128,"column":25},"end":{"line":128,"column":43}},"47":{"start":{"line":129,"column":4},"end":{"line":131,"column":5}},"48":{"start":{"line":130,"column":6},"end":{"line":130,"column":66}},"49":{"start":{"line":133,"column":19},"end":{"line":133,"column":60}},"50":{"start":{"line":134,"column":4},"end":{"line":136,"column":5}},"51":{"start":{"line":135,"column":6},"end":{"line":135,"column":63}},"52":{"start":{"line":138,"column":21},"end":{"line":138,"column":59}},"53":{"start":{"line":139,"column":4},"end":{"line":142,"column":7}},"54":{"start":{"line":144,"column":4},"end":{"line":144,"column":58}},"55":{"start":{"line":145,"column":4},"end":{"line":148,"column":7}},"56":{"start":{"line":156,"column":2},"end":{"line":184,"column":3}},"57":{"start":{"line":157,"column":25},"end":{"line":157,"column":43}},"58":{"start":{"line":158,"column":4},"end":{"line":160,"column":5}},"59":{"start":{"line":159,"column":6},"end":{"line":159,"column":66}},"60":{"start":{"line":162,"column":19},"end":{"line":162,"column":60}},"61":{"start":{"line":163,"column":4},"end":{"line":165,"column":5}},"62":{"start":{"line":164,"column":6},"end":{"line":164,"column":63}},"63":{"start":{"line":167,"column":22},"end":{"line":167,"column":45}},"64":{"start":{"line":168,"column":20},"end":{"line":168,"column":64}},"65":{"start":{"line":170,"column":4},"end":{"line":172,"column":5}},"66":{"start":{"line":171,"column":6},"end":{"line":171,"column":72}},"67":{"start":{"line":174,"column":4},"end":{"line":177,"column":7}},"68":{"start":{"line":179,"column":4},"end":{"line":179,"column":57}},"69":{"start":{"line":180,"column":4},"end":{"line":183,"column":7}},"70":{"start":{"line":191,"column":2},"end":{"line":259,"column":3}},"71":{"start":{"line":192,"column":25},"end":{"line":192,"column":43}},"72":{"start":{"line":193,"column":4},"end":{"line":195,"column":5}},"73":{"start":{"line":194,"column":6},"end":{"line":194,"column":66}},"74":{"start":{"line":197,"column":19},"end":{"line":197,"column":60}},"75":{"start":{"line":198,"column":4},"end":{"line":200,"column":5}},"76":{"start":{"line":199,"column":6},"end":{"line":199,"column":63}},"77":{"start":{"line":202,"column":22},"end":{"line":202,"column":45}},"78":{"start":{"line":203,"column":23},"end":{"line":203,"column":25}},"79":{"start":{"line":206,"column":4},"end":{"line":233,"column":5}},"80":{"start":{"line":208,"column":25},"end":{"line":208,"column":69}},"81":{"start":{"line":209,"column":6},"end":{"line":211,"column":7}},"82":{"start":{"line":210,"column":8},"end":{"line":210,"column":46}},"83":{"start":{"line":213,"column":6},"end":{"line":213,"column":78}},"84":{"start":{"line":214,"column":6},"end":{"line":214,"column":43}},"85":{"start":{"line":215,"column":11},"end":{"line":233,"column":5}},"86":{"start":{"line":217,"column":6},"end":{"line":232,"column":7}},"87":{"start":{"line":218,"column":27},"end":{"line":218,"column":71}},"88":{"start":{"line":219,"column":8},"end":{"line":221,"column":9}},"89":{"start":{"line":220,"column":10},"end":{"line":220,"column":48}},"90":{"start":{"line":223,"column":31},"end":{"line":223,"column":83}},"91":{"start":{"line":224,"column":8},"end":{"line":224,"column":55}},"92":{"start":{"line":225,"column":8},"end":{"line":225,"column":55}},"93":{"start":{"line":226,"column":8},"end":{"line":226,"column":47}},"94":{"start":{"line":228,"column":8},"end":{"line":231,"column":11}},"95":{"start":{"line":236,"column":4},"end":{"line":236,"column":64}},"96":{"start":{"line":236,"column":26},"end":{"line":236,"column":64}},"97":{"start":{"line":237,"column":4},"end":{"line":237,"column":87}},"98":{"start":{"line":237,"column":39},"end":{"line":237,"column":87}},"99":{"start":{"line":238,"column":4},"end":{"line":238,"column":126}},"100":{"start":{"line":238,"column":42},"end":{"line":238,"column":126}},"101":{"start":{"line":240,"column":27},"end":{"line":240,"column":82}},"102":{"start":{"line":242,"column":4},"end":{"line":244,"column":5}},"103":{"start":{"line":243,"column":6},"end":{"line":243,"column":72}},"104":{"start":{"line":247,"column":4},"end":{"line":247,"column":46}},"105":{"start":{"line":249,"column":4},"end":{"line":252,"column":7}},"106":{"start":{"line":254,"column":4},"end":{"line":254,"column":58}},"107":{"start":{"line":255,"column":4},"end":{"line":258,"column":7}},"108":{"start":{"line":266,"column":2},"end":{"line":305,"column":3}},"109":{"start":{"line":267,"column":25},"end":{"line":267,"column":43}},"110":{"start":{"line":268,"column":4},"end":{"line":270,"column":5}},"111":{"start":{"line":269,"column":6},"end":{"line":269,"column":66}},"112":{"start":{"line":272,"column":19},"end":{"line":272,"column":60}},"113":{"start":{"line":273,"column":4},"end":{"line":275,"column":5}},"114":{"start":{"line":274,"column":6},"end":{"line":274,"column":63}},"115":{"start":{"line":277,"column":22},"end":{"line":277,"column":45}},"116":{"start":{"line":278,"column":20},"end":{"line":278,"column":64}},"117":{"start":{"line":280,"column":4},"end":{"line":282,"column":5}},"118":{"start":{"line":281,"column":6},"end":{"line":281,"column":72}},"119":{"start":{"line":285,"column":4},"end":{"line":287,"column":5}},"120":{"start":{"line":286,"column":6},"end":{"line":286,"column":41}},"121":{"start":{"line":290,"column":4},"end":{"line":290,"column":48}},"122":{"start":{"line":293,"column":4},"end":{"line":293,"column":46}},"123":{"start":{"line":295,"column":4},"end":{"line":298,"column":7}},"124":{"start":{"line":300,"column":4},"end":{"line":300,"column":58}},"125":{"start":{"line":301,"column":4},"end":{"line":304,"column":7}}},"fnMap":{"0":{"name":"getUserIdFromTwitchId","decl":{"start":{"line":20,"column":15},"end":{"line":20,"column":36}},"loc":{"start":{"line":20,"column":51},"end":{"line":27,"column":1}},"line":20},"1":{"name":"createCommand","decl":{"start":{"line":32,"column":22},"end":{"line":32,"column":35}},"loc":{"start":{"line":32,"column":46},"end":{"line":121,"column":1}},"line":32},"2":{"name":"getCommands","decl":{"start":{"line":126,"column":22},"end":{"line":126,"column":33}},"loc":{"start":{"line":126,"column":44},"end":{"line":150,"column":1}},"line":126},"3":{"name":"getCommand","decl":{"start":{"line":155,"column":22},"end":{"line":155,"column":32}},"loc":{"start":{"line":155,"column":43},"end":{"line":185,"column":1}},"line":155},"4":{"name":"updateCommand","decl":{"start":{"line":190,"column":22},"end":{"line":190,"column":35}},"loc":{"start":{"line":190,"column":46},"end":{"line":260,"column":1}},"line":190},"5":{"name":"deleteCommand","decl":{"start":{"line":265,"column":22},"end":{"line":265,"column":35}},"loc":{"start":{"line":265,"column":46},"end":{"line":306,"column":1}},"line":265}},"branchMap":{"0":{"loc":{"start":{"line":23,"column":11},"end":{"line":23,"column":32}},"type":"cond-expr","locations":[{"start":{"line":23,"column":18},"end":{"line":23,"column":25}},{"start":{"line":23,"column":28},"end":{"line":23,"column":32}}],"line":23},"1":{"loc":{"start":{"line":42,"column":4},"end":{"line":45,"column":5}},"type":"if","locations":[{"start":{"line":42,"column":4},"end":{"line":45,"column":5}},{"start":{},"end":{}}],"line":42},"2":{"loc":{"start":{"line":50,"column":4},"end":{"line":52,"column":5}},"type":"if","locations":[{"start":{"line":50,"column":4},"end":{"line":52,"column":5}},{"start":{},"end":{}}],"line":50},"3":{"loc":{"start":{"line":60,"column":4},"end":{"line":68,"column":5}},"type":"if","locations":[{"start":{"line":60,"column":4},"end":{"line":68,"column":5}},{"start":{},"end":{}}],"line":60},"4":{"loc":{"start":{"line":66,"column":66},"end":{"line":66,"column":117}},"type":"cond-expr","locations":[{"start":{"line":66,"column":75},"end":{"line":66,"column":103}},{"start":{"line":66,"column":106},"end":{"line":66,"column":117}}],"line":66},"5":{"loc":{"start":{"line":74,"column":4},"end":{"line":92,"column":5}},"type":"if","locations":[{"start":{"line":74,"column":4},"end":{"line":92,"column":5}},{"start":{"line":78,"column":11},"end":{"line":92,"column":5}}],"line":74},"6":{"loc":{"start":{"line":78,"column":11},"end":{"line":92,"column":5}},"type":"if","locations":[{"start":{"line":78,"column":11},"end":{"line":92,"column":5}},{"start":{"line":90,"column":11},"end":{"line":92,"column":5}}],"line":78},"7":{"loc":{"start":{"line":100,"column":15},"end":{"line":100,"column":30}},"type":"binary-expr","locations":[{"start":{"line":100,"column":15},"end":{"line":100,"column":22}},{"start":{"line":100,"column":26},"end":{"line":100,"column":30}}],"line":100},"8":{"loc":{"start":{"line":102,"column":14},"end":{"line":102,"column":47}},"type":"cond-expr","locations":[{"start":{"line":102,"column":23},"end":{"line":102,"column":41}},{"start":{"line":102,"column":44},"end":{"line":102,"column":47}}],"line":102},"9":{"loc":{"start":{"line":115,"column":25},"end":{"line":115,"column":57}},"type":"binary-expr","locations":[{"start":{"line":115,"column":25},"end":{"line":115,"column":38}},{"start":{"line":115,"column":42},"end":{"line":115,"column":57}}],"line":115},"10":{"loc":{"start":{"line":129,"column":4},"end":{"line":131,"column":5}},"type":"if","locations":[{"start":{"line":129,"column":4},"end":{"line":131,"column":5}},{"start":{},"end":{}}],"line":129},"11":{"loc":{"start":{"line":134,"column":4},"end":{"line":136,"column":5}},"type":"if","locations":[{"start":{"line":134,"column":4},"end":{"line":136,"column":5}},{"start":{},"end":{}}],"line":134},"12":{"loc":{"start":{"line":158,"column":4},"end":{"line":160,"column":5}},"type":"if","locations":[{"start":{"line":158,"column":4},"end":{"line":160,"column":5}},{"start":{},"end":{}}],"line":158},"13":{"loc":{"start":{"line":163,"column":4},"end":{"line":165,"column":5}},"type":"if","locations":[{"start":{"line":163,"column":4},"end":{"line":165,"column":5}},{"start":{},"end":{}}],"line":163},"14":{"loc":{"start":{"line":170,"column":4},"end":{"line":172,"column":5}},"type":"if","locations":[{"start":{"line":170,"column":4},"end":{"line":172,"column":5}},{"start":{},"end":{}}],"line":170},"15":{"loc":{"start":{"line":193,"column":4},"end":{"line":195,"column":5}},"type":"if","locations":[{"start":{"line":193,"column":4},"end":{"line":195,"column":5}},{"start":{},"end":{}}],"line":193},"16":{"loc":{"start":{"line":198,"column":4},"end":{"line":200,"column":5}},"type":"if","locations":[{"start":{"line":198,"column":4},"end":{"line":200,"column":5}},{"start":{},"end":{}}],"line":198},"17":{"loc":{"start":{"line":206,"column":4},"end":{"line":233,"column":5}},"type":"if","locations":[{"start":{"line":206,"column":4},"end":{"line":233,"column":5}},{"start":{"line":215,"column":11},"end":{"line":233,"column":5}}],"line":206},"18":{"loc":{"start":{"line":209,"column":6},"end":{"line":211,"column":7}},"type":"if","locations":[{"start":{"line":209,"column":6},"end":{"line":211,"column":7}},{"start":{},"end":{}}],"line":209},"19":{"loc":{"start":{"line":209,"column":10},"end":{"line":209,"column":44}},"type":"binary-expr","locations":[{"start":{"line":209,"column":10},"end":{"line":209,"column":20}},{"start":{"line":209,"column":24},"end":{"line":209,"column":44}}],"line":209},"20":{"loc":{"start":{"line":215,"column":11},"end":{"line":233,"column":5}},"type":"if","locations":[{"start":{"line":215,"column":11},"end":{"line":233,"column":5}},{"start":{},"end":{}}],"line":215},"21":{"loc":{"start":{"line":219,"column":8},"end":{"line":221,"column":9}},"type":"if","locations":[{"start":{"line":219,"column":8},"end":{"line":221,"column":9}},{"start":{},"end":{}}],"line":219},"22":{"loc":{"start":{"line":219,"column":12},"end":{"line":219,"column":46}},"type":"binary-expr","locations":[{"start":{"line":219,"column":12},"end":{"line":219,"column":22}},{"start":{"line":219,"column":26},"end":{"line":219,"column":46}}],"line":219},"23":{"loc":{"start":{"line":236,"column":4},"end":{"line":236,"column":64}},"type":"if","locations":[{"start":{"line":236,"column":4},"end":{"line":236,"column":64}},{"start":{},"end":{}}],"line":236},"24":{"loc":{"start":{"line":237,"column":4},"end":{"line":237,"column":87}},"type":"if","locations":[{"start":{"line":237,"column":4},"end":{"line":237,"column":87}},{"start":{},"end":{}}],"line":237},"25":{"loc":{"start":{"line":238,"column":4},"end":{"line":238,"column":126}},"type":"if","locations":[{"start":{"line":238,"column":4},"end":{"line":238,"column":126}},{"start":{},"end":{}}],"line":238},"26":{"loc":{"start":{"line":238,"column":65},"end":{"line":238,"column":125}},"type":"binary-expr","locations":[{"start":{"line":238,"column":65},"end":{"line":238,"column":94}},{"start":{"line":238,"column":98},"end":{"line":238,"column":125}}],"line":238},"27":{"loc":{"start":{"line":242,"column":4},"end":{"line":244,"column":5}},"type":"if","locations":[{"start":{"line":242,"column":4},"end":{"line":244,"column":5}},{"start":{},"end":{}}],"line":242},"28":{"loc":{"start":{"line":268,"column":4},"end":{"line":270,"column":5}},"type":"if","locations":[{"start":{"line":268,"column":4},"end":{"line":270,"column":5}},{"start":{},"end":{}}],"line":268},"29":{"loc":{"start":{"line":273,"column":4},"end":{"line":275,"column":5}},"type":"if","locations":[{"start":{"line":273,"column":4},"end":{"line":275,"column":5}},{"start":{},"end":{}}],"line":273},"30":{"loc":{"start":{"line":280,"column":4},"end":{"line":282,"column":5}},"type":"if","locations":[{"start":{"line":280,"column":4},"end":{"line":282,"column":5}},{"start":{},"end":{}}],"line":280},"31":{"loc":{"start":{"line":285,"column":4},"end":{"line":287,"column":5}},"type":"if","locations":[{"start":{"line":285,"column":4},"end":{"line":287,"column":5}},{"start":{},"end":{}}],"line":285}},"s":{"0":0,"1":0,"2":0,"3":0,"4":0,"5":0,"6":0,"7":0,"8":0,"9":0,"10":0,"11":0,"12":0,"13":0,"14":0,"15":0,"16":0,"17":0,"18":0,"19":0,"20":0,"21":0,"22":0,"23":0,"24":0,"25":0,"26":0,"27":0,"28":0,"29":0,"30":0,"31":0,"32":0,"33":0,"34":0,"35":0,"36":0,"37":0,"38":0,"39":0,"40":0,"41":0,"42":0,"43":0,"44":0,"45":0,"46":0,"47":0,"48":0,"49":0,"50":0,"51":0,"52":0,"53":0,"54":0,"55":0,"56":0,"57":0,"58":0,"59":0,"60":0,"61":0,"62":0,"63":0,"64":0,"65":0,"66":0,"67":0,"68":0,"69":0,"70":0,"71":0,"72":0,"73":0,"74":0,"75":0,"76":0,"77":0,"78":0,"79":0,"80":0,"81":0,"82":0,"83":0,"84":0,"85":0,"86":0,"87":0,"88":0,"89":0,"90":0,"91":0,"92":0,"93":0,"94":0,"95":0,"96":0,"97":0,"98":0,"99":0,"100":0,"101":0,"102":0,"103":0,"104":0,"105":0,"106":0,"107":0,"108":0,"109":0,"110":0,"111":0,"112":0,"113":0,"114":0,"115":0,"116":0,"117":0,"118":0,"119":0,"120":0,"121":0,"122":0,"123":0,"124":0,"125":0},"f":{"0":0,"1":0,"2":0,"3":0,"4":0,"5":0},"b":{"0":[0,0],"1":[0,0],"2":[0,0],"3":[0,0],"4":[0,0],"5":[0,0],"6":[0,0],"7":[0,0],"8":[0,0],"9":[0,0],"10":[0,0],"11":[0,0],"12":[0,0],"13":[0,0],"14":[0,0],"15":[0,0],"16":[0,0],"17":[0,0],"18":[0,0],"19":[0,0],"20":[0,0],"21":[0,0],"22":[0,0],"23":[0,0],"24":[0,0],"25":[0,0],"26":[0,0],"27":[0,0],"28":[0,0],"29":[0,0],"30":[0,0],"31":[0,0]},"inputSourceMap":null}
,"T:\\Repos\\multibot-web-ex\\controllers\\authController.js": {"path":"T:\\Repos\\multibot-web-ex\\controllers\\authController.js","statementMap":{"0":{"start":{"line":7,"column":2},"end":{"line":10,"column":3}},"1":{"start":{"line":8,"column":4},"end":{"line":8,"column":79}},"2":{"start":{"line":9,"column":4},"end":{"line":9,"column":38}},"3":{"start":{"line":12,"column":16},"end":{"line":12,"column":31}},"4":{"start":{"line":13,"column":2},"end":{"line":13,"column":33}},"5":{"start":{"line":17,"column":22},"end":{"line":17,"column":83}},"6":{"start":{"line":19,"column":2},"end":{"line":19,"column":92}},"7":{"start":{"line":21,"column":18},"end":{"line":21,"column":53}},"8":{"start":{"line":22,"column":2},"end":{"line":22,"column":24}},"9":{"start":{"line":26,"column":2},"end":{"line":109,"column":3}},"10":{"start":{"line":27,"column":35},"end":{"line":27,"column":44}},"11":{"start":{"line":30,"column":4},"end":{"line":35,"column":5}},"12":{"start":{"line":31,"column":26},"end":{"line":33,"column":73}},"13":{"start":{"line":34,"column":6},"end":{"line":34,"column":72}},"14":{"start":{"line":38,"column":4},"end":{"line":40,"column":5}},"15":{"start":{"line":39,"column":6},"end":{"line":39,"column":110}},"16":{"start":{"line":43,"column":4},"end":{"line":45,"column":5}},"17":{"start":{"line":44,"column":6},"end":{"line":44,"column":123}},"18":{"start":{"line":48,"column":21},"end":{"line":48,"column":52}},"19":{"start":{"line":49,"column":4},"end":{"line":49,"column":125}},"20":{"start":{"line":52,"column":4},"end":{"line":90,"column":7}},"21":{"start":{"line":53,"column":6},"end":{"line":64,"column":7}},"22":{"start":{"line":54,"column":8},"end":{"line":54,"column":75}},"23":{"start":{"line":56,"column":8},"end":{"line":56,"column":51}},"24":{"start":{"line":57,"column":8},"end":{"line":57,"column":49}},"25":{"start":{"line":58,"column":8},"end":{"line":58,"column":55}},"26":{"start":{"line":59,"column":8},"end":{"line":59,"column":63}},"27":{"start":{"line":60,"column":8},"end":{"line":60,"column":55}},"28":{"start":{"line":61,"column":8},"end":{"line":61,"column":57}},"29":{"start":{"line":62,"column":8},"end":{"line":62,"column":38}},"30":{"start":{"line":63,"column":8},"end":{"line":63,"column":42}},"31":{"start":{"line":67,"column":6},"end":{"line":67,"column":49}},"32":{"start":{"line":68,"column":6},"end":{"line":68,"column":47}},"33":{"start":{"line":69,"column":6},"end":{"line":69,"column":53}},"34":{"start":{"line":70,"column":6},"end":{"line":70,"column":61}},"35":{"start":{"line":71,"column":6},"end":{"line":71,"column":53}},"36":{"start":{"line":72,"column":6},"end":{"line":72,"column":55}},"37":{"start":{"line":75,"column":6},"end":{"line":75,"column":36}},"38":{"start":{"line":78,"column":6},"end":{"line":78,"column":94}},"39":{"start":{"line":79,"column":6},"end":{"line":86,"column":11}},"40":{"start":{"line":81,"column":10},"end":{"line":81,"column":102}},"41":{"start":{"line":84,"column":10},"end":{"line":84,"column":114}},"42":{"start":{"line":88,"column":6},"end":{"line":88,"column":80}},"43":{"start":{"line":89,"column":6},"end":{"line":89,"column":33}},"44":{"start":{"line":92,"column":4},"end":{"line":92,"column":50}},"45":{"start":{"line":93,"column":4},"end":{"line":93,"column":47}},"46":{"start":{"line":96,"column":22},"end":{"line":96,"column":64}},"47":{"start":{"line":98,"column":4},"end":{"line":106,"column":5}},"48":{"start":{"line":99,"column":6},"end":{"line":99,"column":82}},"49":{"start":{"line":100,"column":11},"end":{"line":106,"column":5}},"50":{"start":{"line":101,"column":6},"end":{"line":101,"column":75}},"51":{"start":{"line":102,"column":11},"end":{"line":106,"column":5}},"52":{"start":{"line":103,"column":6},"end":{"line":103,"column":92}},"53":{"start":{"line":104,"column":11},"end":{"line":106,"column":5}},"54":{"start":{"line":105,"column":6},"end":{"line":105,"column":81}},"55":{"start":{"line":108,"column":4},"end":{"line":108,"column":63}},"56":{"start":{"line":113,"column":2},"end":{"line":113,"column":76}},"57":{"start":{"line":116,"column":2},"end":{"line":133,"column":3}},"58":{"start":{"line":117,"column":22},"end":{"line":117,"column":35}},"59":{"start":{"line":118,"column":4},"end":{"line":118,"column":30}},"60":{"start":{"line":119,"column":4},"end":{"line":119,"column":32}},"61":{"start":{"line":120,"column":4},"end":{"line":120,"column":35}},"62":{"start":{"line":121,"column":4},"end":{"line":121,"column":39}},"63":{"start":{"line":122,"column":4},"end":{"line":122,"column":35}},"64":{"start":{"line":123,"column":4},"end":{"line":123,"column":36}},"65":{"start":{"line":124,"column":4},"end":{"line":124,"column":34}},"66":{"start":{"line":127,"column":4},"end":{"line":132,"column":7}},"67":{"start":{"line":135,"column":2},"end":{"line":146,"column":5}},"68":{"start":{"line":136,"column":4},"end":{"line":139,"column":5}},"69":{"start":{"line":137,"column":6},"end":{"line":137,"column":60}},"70":{"start":{"line":138,"column":6},"end":{"line":138,"column":76}},"71":{"start":{"line":141,"column":4},"end":{"line":141,"column":59}},"72":{"start":{"line":144,"column":22},"end":{"line":144,"column":32}},"73":{"start":{"line":145,"column":4},"end":{"line":145,"column":53}},"74":{"start":{"line":153,"column":2},"end":{"line":204,"column":3}},"75":{"start":{"line":154,"column":25},"end":{"line":154,"column":43}},"76":{"start":{"line":155,"column":24},"end":{"line":155,"column":47}},"77":{"start":{"line":156,"column":25},"end":{"line":156,"column":49}},"78":{"start":{"line":158,"column":4},"end":{"line":160,"column":5}},"79":{"start":{"line":159,"column":6},"end":{"line":159,"column":105}},"80":{"start":{"line":163,"column":25},"end":{"line":163,"column":62}},"81":{"start":{"line":164,"column":4},"end":{"line":170,"column":5}},"82":{"start":{"line":165,"column":6},"end":{"line":169,"column":9}},"83":{"start":{"line":173,"column":21},"end":{"line":173,"column":51}},"84":{"start":{"line":176,"column":27},"end":{"line":176,"column":61}},"85":{"start":{"line":179,"column":21},"end":{"line":189,"column":5}},"86":{"start":{"line":191,"column":17},"end":{"line":191,"column":43}},"87":{"start":{"line":193,"column":4},"end":{"line":197,"column":7}},"88":{"start":{"line":199,"column":4},"end":{"line":199,"column":62}},"89":{"start":{"line":200,"column":4},"end":{"line":203,"column":7}}},"fnMap":{"0":{"name":"initiateAuth","decl":{"start":{"line":5,"column":16},"end":{"line":5,"column":28}},"loc":{"start":{"line":5,"column":39},"end":{"line":23,"column":1}},"line":5},"1":{"name":"handleCallback","decl":{"start":{"line":25,"column":22},"end":{"line":25,"column":36}},"loc":{"start":{"line":25,"column":47},"end":{"line":110,"column":1}},"line":25},"2":{"name":"(anonymous_2)","decl":{"start":{"line":52,"column":27},"end":{"line":52,"column":28}},"loc":{"start":{"line":52,"column":36},"end":{"line":90,"column":5}},"line":52},"3":{"name":"(anonymous_3)","decl":{"start":{"line":80,"column":14},"end":{"line":80,"column":15}},"loc":{"start":{"line":80,"column":20},"end":{"line":82,"column":9}},"line":80},"4":{"name":"(anonymous_4)","decl":{"start":{"line":83,"column":15},"end":{"line":83,"column":16}},"loc":{"start":{"line":83,"column":26},"end":{"line":86,"column":9}},"line":83},"5":{"name":"logout","decl":{"start":{"line":112,"column":16},"end":{"line":112,"column":22}},"loc":{"start":{"line":112,"column":33},"end":{"line":147,"column":1}},"line":112},"6":{"name":"(anonymous_6)","decl":{"start":{"line":135,"column":22},"end":{"line":135,"column":23}},"loc":{"start":{"line":135,"column":31},"end":{"line":146,"column":3}},"line":135},"7":{"name":"createUserFromSession","decl":{"start":{"line":152,"column":22},"end":{"line":152,"column":43}},"loc":{"start":{"line":152,"column":54},"end":{"line":205,"column":1}},"line":152}},"branchMap":{"0":{"loc":{"start":{"line":7,"column":2},"end":{"line":10,"column":3}},"type":"if","locations":[{"start":{"line":7,"column":2},"end":{"line":10,"column":3}},{"start":{},"end":{}}],"line":7},"1":{"loc":{"start":{"line":7,"column":6},"end":{"line":7,"column":104}},"type":"binary-expr","locations":[{"start":{"line":7,"column":6},"end":{"line":7,"column":17}},{"start":{"line":7,"column":21},"end":{"line":7,"column":39}},{"start":{"line":7,"column":43},"end":{"line":7,"column":69}},{"start":{"line":7,"column":73},"end":{"line":7,"column":104}}],"line":7},"2":{"loc":{"start":{"line":17,"column":22},"end":{"line":17,"column":83}},"type":"binary-expr","locations":[{"start":{"line":17,"column":22},"end":{"line":17,"column":48}},{"start":{"line":17,"column":52},"end":{"line":17,"column":83}}],"line":17},"3":{"loc":{"start":{"line":30,"column":4},"end":{"line":35,"column":5}},"type":"if","locations":[{"start":{"line":30,"column":4},"end":{"line":35,"column":5}},{"start":{},"end":{}}],"line":30},"4":{"loc":{"start":{"line":31,"column":26},"end":{"line":33,"column":73}},"type":"cond-expr","locations":[{"start":{"line":32,"column":10},"end":{"line":32,"column":85}},{"start":{"line":33,"column":10},"end":{"line":33,"column":73}}],"line":31},"5":{"loc":{"start":{"line":38,"column":4},"end":{"line":40,"column":5}},"type":"if","locations":[{"start":{"line":38,"column":4},"end":{"line":40,"column":5}},{"start":{},"end":{}}],"line":38},"6":{"loc":{"start":{"line":38,"column":8},"end":{"line":38,"column":50}},"type":"binary-expr","locations":[{"start":{"line":38,"column":8},"end":{"line":38,"column":14}},{"start":{"line":38,"column":18},"end":{"line":38,"column":50}}],"line":38},"7":{"loc":{"start":{"line":43,"column":4},"end":{"line":45,"column":5}},"type":"if","locations":[{"start":{"line":43,"column":4},"end":{"line":45,"column":5}},{"start":{},"end":{}}],"line":43},"8":{"loc":{"start":{"line":53,"column":6},"end":{"line":64,"column":7}},"type":"if","locations":[{"start":{"line":53,"column":6},"end":{"line":64,"column":7}},{"start":{},"end":{}}],"line":53},"9":{"loc":{"start":{"line":98,"column":4},"end":{"line":106,"column":5}},"type":"if","locations":[{"start":{"line":98,"column":4},"end":{"line":106,"column":5}},{"start":{"line":100,"column":11},"end":{"line":106,"column":5}}],"line":98},"10":{"loc":{"start":{"line":100,"column":11},"end":{"line":106,"column":5}},"type":"if","locations":[{"start":{"line":100,"column":11},"end":{"line":106,"column":5}},{"start":{"line":102,"column":11},"end":{"line":106,"column":5}}],"line":100},"11":{"loc":{"start":{"line":102,"column":11},"end":{"line":106,"column":5}},"type":"if","locations":[{"start":{"line":102,"column":11},"end":{"line":106,"column":5}},{"start":{"line":104,"column":11},"end":{"line":106,"column":5}}],"line":102},"12":{"loc":{"start":{"line":104,"column":11},"end":{"line":106,"column":5}},"type":"if","locations":[{"start":{"line":104,"column":11},"end":{"line":106,"column":5}},{"start":{},"end":{}}],"line":104},"13":{"loc":{"start":{"line":116,"column":2},"end":{"line":133,"column":3}},"type":"if","locations":[{"start":{"line":116,"column":2},"end":{"line":133,"column":3}},{"start":{},"end":{}}],"line":116},"14":{"loc":{"start":{"line":136,"column":4},"end":{"line":139,"column":5}},"type":"if","locations":[{"start":{"line":136,"column":4},"end":{"line":139,"column":5}},{"start":{},"end":{}}],"line":136},"15":{"loc":{"start":{"line":158,"column":4},"end":{"line":160,"column":5}},"type":"if","locations":[{"start":{"line":158,"column":4},"end":{"line":160,"column":5}},{"start":{},"end":{}}],"line":158},"16":{"loc":{"start":{"line":158,"column":8},"end":{"line":158,"column":37}},"type":"binary-expr","locations":[{"start":{"line":158,"column":8},"end":{"line":158,"column":21}},{"start":{"line":158,"column":25},"end":{"line":158,"column":37}}],"line":158},"17":{"loc":{"start":{"line":164,"column":4},"end":{"line":170,"column":5}},"type":"if","locations":[{"start":{"line":164,"column":4},"end":{"line":170,"column":5}},{"start":{},"end":{}}],"line":164},"18":{"loc":{"start":{"line":186,"column":20},"end":{"line":186,"column":38}},"type":"binary-expr","locations":[{"start":{"line":186,"column":20},"end":{"line":186,"column":32}},{"start":{"line":186,"column":36},"end":{"line":186,"column":38}}],"line":186}},"s":{"0":0,"1":0,"2":0,"3":0,"4":0,"5":0,"6":0,"7":0,"8":0,"9":0,"10":0,"11":0,"12":0,"13":0,"14":0,"15":0,"16":0,"17":0,"18":0,"19":0,"20":0,"21":0,"22":0,"23":0,"24":0,"25":0,"26":0,"27":0,"28":0,"29":0,"30":0,"31":0,"32":0,"33":0,"34":0,"35":0,"36":0,"37":0,"38":0,"39":0,"40":0,"41":0,"42":0,"43":0,"44":0,"45":0,"46":0,"47":0,"48":0,"49":0,"50":0,"51":0,"52":0,"53":0,"54":0,"55":0,"56":0,"57":0,"58":0,"59":0,"60":0,"61":0,"62":0,"63":0,"64":0,"65":0,"66":0,"67":0,"68":0,"69":0,"70":0,"71":0,"72":0,"73":0,"74":0,"75":0,"76":0,"77":0,"78":0,"79":0,"80":0,"81":0,"82":0,"83":0,"84":0,"85":0,"86":0,"87":0,"88":0,"89":0},"f":{"0":0,"1":0,"2":0,"3":0,"4":0,"5":0,"6":0,"7":0},"b":{"0":[0,0],"1":[0,0,0,0],"2":[0,0],"3":[0,0],"4":[0,0],"5":[0,0],"6":[0,0],"7":[0,0],"8":[0,0],"9":[0,0],"10":[0,0],"11":[0,0],"12":[0,0],"13":[0,0],"14":[0,0],"15":[0,0],"16":[0,0],"17":[0,0],"18":[0,0]},"inputSourceMap":null}
,"T:\\Repos\\multibot-web-ex\\controllers\\chatController.js": {"path":"T:\\Repos\\multibot-web-ex\\controllers\\chatController.js","statementMap":{"0":{"start":{"line":4,"column":2},"end":{"line":28,"column":3}},"1":{"start":{"line":5,"column":25},"end":{"line":5,"column":43}},"2":{"start":{"line":6,"column":21},"end":{"line":6,"column":41}},"3":{"start":{"line":7,"column":24},"end":{"line":7,"column":47}},"4":{"start":{"line":9,"column":4},"end":{"line":11,"column":5}},"5":{"start":{"line":10,"column":6},"end":{"line":10,"column":66}},"6":{"start":{"line":14,"column":4},"end":{"line":14,"column":61}},"7":{"start":{"line":16,"column":19},"end":{"line":16,"column":46}},"8":{"start":{"line":17,"column":4},"end":{"line":21,"column":7}},"9":{"start":{"line":23,"column":4},"end":{"line":23,"column":49}},"10":{"start":{"line":24,"column":4},"end":{"line":27,"column":7}},"11":{"start":{"line":32,"column":2},"end":{"line":51,"column":3}},"12":{"start":{"line":33,"column":25},"end":{"line":33,"column":43}},"13":{"start":{"line":35,"column":4},"end":{"line":37,"column":5}},"14":{"start":{"line":36,"column":6},"end":{"line":36,"column":66}},"15":{"start":{"line":39,"column":4},"end":{"line":39,"column":43}},"16":{"start":{"line":41,"column":4},"end":{"line":44,"column":7}},"17":{"start":{"line":46,"column":4},"end":{"line":46,"column":49}},"18":{"start":{"line":47,"column":4},"end":{"line":50,"column":7}},"19":{"start":{"line":55,"column":2},"end":{"line":75,"column":3}},"20":{"start":{"line":56,"column":25},"end":{"line":56,"column":43}},"21":{"start":{"line":58,"column":4},"end":{"line":60,"column":5}},"22":{"start":{"line":59,"column":6},"end":{"line":59,"column":66}},"23":{"start":{"line":62,"column":19},"end":{"line":62,"column":46}},"24":{"start":{"line":63,"column":20},"end":{"line":63,"column":51}},"25":{"start":{"line":65,"column":4},"end":{"line":68,"column":7}},"26":{"start":{"line":70,"column":4},"end":{"line":70,"column":55}},"27":{"start":{"line":71,"column":4},"end":{"line":74,"column":7}}},"fnMap":{"0":{"name":"startChat","decl":{"start":{"line":3,"column":22},"end":{"line":3,"column":31}},"loc":{"start":{"line":3,"column":42},"end":{"line":29,"column":1}},"line":3},"1":{"name":"stopChat","decl":{"start":{"line":31,"column":22},"end":{"line":31,"column":30}},"loc":{"start":{"line":31,"column":41},"end":{"line":52,"column":1}},"line":31},"2":{"name":"getStatus","decl":{"start":{"line":54,"column":16},"end":{"line":54,"column":25}},"loc":{"start":{"line":54,"column":36},"end":{"line":76,"column":1}},"line":54}},"branchMap":{"0":{"loc":{"start":{"line":9,"column":4},"end":{"line":11,"column":5}},"type":"if","locations":[{"start":{"line":9,"column":4},"end":{"line":11,"column":5}},{"start":{},"end":{}}],"line":9},"1":{"loc":{"start":{"line":9,"column":8},"end":{"line":9,"column":34}},"type":"binary-expr","locations":[{"start":{"line":9,"column":8},"end":{"line":9,"column":21}},{"start":{"line":9,"column":25},"end":{"line":9,"column":34}}],"line":9},"2":{"loc":{"start":{"line":35,"column":4},"end":{"line":37,"column":5}},"type":"if","locations":[{"start":{"line":35,"column":4},"end":{"line":37,"column":5}},{"start":{},"end":{}}],"line":35},"3":{"loc":{"start":{"line":58,"column":4},"end":{"line":60,"column":5}},"type":"if","locations":[{"start":{"line":58,"column":4},"end":{"line":60,"column":5}},{"start":{},"end":{}}],"line":58}},"s":{"0":0,"1":0,"2":0,"3":0,"4":0,"5":0,"6":0,"7":0,"8":0,"9":0,"10":0,"11":0,"12":0,"13":0,"14":0,"15":0,"16":0,"17":0,"18":0,"19":0,"20":0,"21":0,"22":0,"23":0,"24":0,"25":0,"26":0,"27":0},"f":{"0":0,"1":0,"2":0},"b":{"0":[0,0],"1":[0,0],"2":[0,0],"3":[0,0]},"inputSourceMap":null}
,"T:\\Repos\\multibot-web-ex\\controllers\\imageController.js": {"path":"T:\\Repos\\multibot-web-ex\\controllers\\imageController.js","statementMap":{"0":{"start":{"line":7,"column":2},"end":{"line":12,"column":3}},"1":{"start":{"line":8,"column":17},"end":{"line":8,"column":54}},"2":{"start":{"line":9,"column":4},"end":{"line":9,"column":33}},"3":{"start":{"line":11,"column":4},"end":{"line":11,"column":16}},"4":{"start":{"line":19,"column":2},"end":{"line":60,"column":3}},"5":{"start":{"line":20,"column":25},"end":{"line":20,"column":43}},"6":{"start":{"line":22,"column":4},"end":{"line":24,"column":5}},"7":{"start":{"line":23,"column":6},"end":{"line":23,"column":66}},"8":{"start":{"line":26,"column":4},"end":{"line":28,"column":5}},"9":{"start":{"line":27,"column":6},"end":{"line":27,"column":65}},"10":{"start":{"line":30,"column":19},"end":{"line":30,"column":60}},"11":{"start":{"line":31,"column":4},"end":{"line":33,"column":5}},"12":{"start":{"line":32,"column":6},"end":{"line":32,"column":63}},"13":{"start":{"line":36,"column":23},"end":{"line":36,"column":62}},"14":{"start":{"line":39,"column":18},"end":{"line":48,"column":6}},"15":{"start":{"line":50,"column":4},"end":{"line":53,"column":7}},"16":{"start":{"line":55,"column":4},"end":{"line":55,"column":51}},"17":{"start":{"line":56,"column":4},"end":{"line":59,"column":7}},"18":{"start":{"line":67,"column":2},"end":{"line":86,"column":3}},"19":{"start":{"line":68,"column":25},"end":{"line":68,"column":43}},"20":{"start":{"line":70,"column":4},"end":{"line":72,"column":5}},"21":{"start":{"line":71,"column":6},"end":{"line":71,"column":66}},"22":{"start":{"line":74,"column":19},"end":{"line":74,"column":62}},"23":{"start":{"line":76,"column":4},"end":{"line":79,"column":7}},"24":{"start":{"line":81,"column":4},"end":{"line":81,"column":50}},"25":{"start":{"line":82,"column":4},"end":{"line":85,"column":7}},"26":{"start":{"line":93,"column":2},"end":{"line":128,"column":3}},"27":{"start":{"line":94,"column":25},"end":{"line":94,"column":43}},"28":{"start":{"line":96,"column":4},"end":{"line":98,"column":5}},"29":{"start":{"line":97,"column":6},"end":{"line":97,"column":66}},"30":{"start":{"line":100,"column":19},"end":{"line":100,"column":60}},"31":{"start":{"line":101,"column":4},"end":{"line":103,"column":5}},"32":{"start":{"line":102,"column":6},"end":{"line":102,"column":63}},"33":{"start":{"line":105,"column":20},"end":{"line":105,"column":43}},"34":{"start":{"line":106,"column":18},"end":{"line":106,"column":57}},"35":{"start":{"line":108,"column":4},"end":{"line":110,"column":5}},"36":{"start":{"line":109,"column":6},"end":{"line":109,"column":64}},"37":{"start":{"line":113,"column":4},"end":{"line":113,"column":37}},"38":{"start":{"line":116,"column":4},"end":{"line":116,"column":43}},"39":{"start":{"line":118,"column":4},"end":{"line":121,"column":7}},"40":{"start":{"line":123,"column":4},"end":{"line":123,"column":50}},"41":{"start":{"line":124,"column":4},"end":{"line":127,"column":7}}},"fnMap":{"0":{"name":"getUserIdFromTwitchId","decl":{"start":{"line":6,"column":15},"end":{"line":6,"column":36}},"loc":{"start":{"line":6,"column":51},"end":{"line":13,"column":1}},"line":6},"1":{"name":"uploadImage","decl":{"start":{"line":18,"column":22},"end":{"line":18,"column":33}},"loc":{"start":{"line":18,"column":44},"end":{"line":61,"column":1}},"line":18},"2":{"name":"getImages","decl":{"start":{"line":66,"column":22},"end":{"line":66,"column":31}},"loc":{"start":{"line":66,"column":42},"end":{"line":87,"column":1}},"line":66},"3":{"name":"deleteImage","decl":{"start":{"line":92,"column":22},"end":{"line":92,"column":33}},"loc":{"start":{"line":92,"column":44},"end":{"line":129,"column":1}},"line":92}},"branchMap":{"0":{"loc":{"start":{"line":9,"column":11},"end":{"line":9,"column":32}},"type":"cond-expr","locations":[{"start":{"line":9,"column":18},"end":{"line":9,"column":25}},{"start":{"line":9,"column":28},"end":{"line":9,"column":32}}],"line":9},"1":{"loc":{"start":{"line":22,"column":4},"end":{"line":24,"column":5}},"type":"if","locations":[{"start":{"line":22,"column":4},"end":{"line":24,"column":5}},{"start":{},"end":{}}],"line":22},"2":{"loc":{"start":{"line":26,"column":4},"end":{"line":28,"column":5}},"type":"if","locations":[{"start":{"line":26,"column":4},"end":{"line":28,"column":5}},{"start":{},"end":{}}],"line":26},"3":{"loc":{"start":{"line":31,"column":4},"end":{"line":33,"column":5}},"type":"if","locations":[{"start":{"line":31,"column":4},"end":{"line":33,"column":5}},{"start":{},"end":{}}],"line":31},"4":{"loc":{"start":{"line":70,"column":4},"end":{"line":72,"column":5}},"type":"if","locations":[{"start":{"line":70,"column":4},"end":{"line":72,"column":5}},{"start":{},"end":{}}],"line":70},"5":{"loc":{"start":{"line":96,"column":4},"end":{"line":98,"column":5}},"type":"if","locations":[{"start":{"line":96,"column":4},"end":{"line":98,"column":5}},{"start":{},"end":{}}],"line":96},"6":{"loc":{"start":{"line":101,"column":4},"end":{"line":103,"column":5}},"type":"if","locations":[{"start":{"line":101,"column":4},"end":{"line":103,"column":5}},{"start":{},"end":{}}],"line":101},"7":{"loc":{"start":{"line":108,"column":4},"end":{"line":110,"column":5}},"type":"if","locations":[{"start":{"line":108,"column":4},"end":{"line":110,"column":5}},{"start":{},"end":{}}],"line":108}},"s":{"0":0,"1":0,"2":0,"3":0,"4":0,"5":0,"6":0,"7":0,"8":0,"9":0,"10":0,"11":0,"12":0,"13":0,"14":0,"15":0,"16":0,"17":0,"18":0,"19":0,"20":0,"21":0,"22":0,"23":0,"24":0,"25":0,"26":0,"27":0,"28":0,"29":0,"30":0,"31":0,"32":0,"33":0,"34":0,"35":0,"36":0,"37":0,"38":0,"39":0,"40":0,"41":0},"f":{"0":0,"1":0,"2":0,"3":0},"b":{"0":[0,0],"1":[0,0],"2":[0,0],"3":[0,0],"4":[0,0],"5":[0,0],"6":[0,0],"7":[0,0]},"inputSourceMap":null}
,"T:\\Repos\\multibot-web-ex\\controllers\\obsTokenController.js": {"path":"T:\\Repos\\multibot-web-ex\\controllers\\obsTokenController.js","statementMap":{"0":{"start":{"line":14,"column":2},"end":{"line":48,"column":3}},"1":{"start":{"line":15,"column":25},"end":{"line":15,"column":43}},"2":{"start":{"line":16,"column":4},"end":{"line":18,"column":5}},"3":{"start":{"line":17,"column":6},"end":{"line":17,"column":66}},"4":{"start":{"line":21,"column":17},"end":{"line":21,"column":54}},"5":{"start":{"line":22,"column":4},"end":{"line":25,"column":5}},"6":{"start":{"line":23,"column":6},"end":{"line":23,"column":83}},"7":{"start":{"line":24,"column":6},"end":{"line":24,"column":135}},"8":{"start":{"line":28,"column":22},"end":{"line":28,"column":70}},"9":{"start":{"line":31,"column":21},"end":{"line":31,"column":33}},"10":{"start":{"line":32,"column":17},"end":{"line":32,"column":32}},"11":{"start":{"line":33,"column":19},"end":{"line":33,"column":96}},"12":{"start":{"line":35,"column":4},"end":{"line":41,"column":7}},"13":{"start":{"line":43,"column":4},"end":{"line":43,"column":53}},"14":{"start":{"line":44,"column":4},"end":{"line":47,"column":7}},"15":{"start":{"line":55,"column":2},"end":{"line":88,"column":3}},"16":{"start":{"line":56,"column":25},"end":{"line":56,"column":43}},"17":{"start":{"line":57,"column":4},"end":{"line":59,"column":5}},"18":{"start":{"line":58,"column":6},"end":{"line":58,"column":66}},"19":{"start":{"line":62,"column":17},"end":{"line":62,"column":54}},"20":{"start":{"line":63,"column":4},"end":{"line":65,"column":5}},"21":{"start":{"line":64,"column":6},"end":{"line":64,"column":63}},"22":{"start":{"line":68,"column":22},"end":{"line":68,"column":69}},"23":{"start":{"line":71,"column":21},"end":{"line":71,"column":33}},"24":{"start":{"line":72,"column":17},"end":{"line":72,"column":32}},"25":{"start":{"line":73,"column":19},"end":{"line":73,"column":96}},"26":{"start":{"line":75,"column":4},"end":{"line":81,"column":7}},"27":{"start":{"line":83,"column":4},"end":{"line":83,"column":58}},"28":{"start":{"line":84,"column":4},"end":{"line":87,"column":7}},"29":{"start":{"line":96,"column":2},"end":{"line":123,"column":3}},"30":{"start":{"line":97,"column":22},"end":{"line":97,"column":31}},"31":{"start":{"line":99,"column":4},"end":{"line":101,"column":5}},"32":{"start":{"line":100,"column":6},"end":{"line":100,"column":66}},"33":{"start":{"line":103,"column":22},"end":{"line":103,"column":53}},"34":{"start":{"line":105,"column":4},"end":{"line":107,"column":5}},"35":{"start":{"line":106,"column":6},"end":{"line":106,"column":62}},"36":{"start":{"line":110,"column":4},"end":{"line":110,"column":34}},"37":{"start":{"line":112,"column":4},"end":{"line":116,"column":7}},"38":{"start":{"line":118,"column":4},"end":{"line":118,"column":52}},"39":{"start":{"line":119,"column":4},"end":{"line":122,"column":7}}},"fnMap":{"0":{"name":"getToken","decl":{"start":{"line":13,"column":22},"end":{"line":13,"column":30}},"loc":{"start":{"line":13,"column":41},"end":{"line":49,"column":1}},"line":13},"1":{"name":"regenerateToken","decl":{"start":{"line":54,"column":22},"end":{"line":54,"column":37}},"loc":{"start":{"line":54,"column":48},"end":{"line":89,"column":1}},"line":54},"2":{"name":"validateToken","decl":{"start":{"line":95,"column":22},"end":{"line":95,"column":35}},"loc":{"start":{"line":95,"column":46},"end":{"line":124,"column":1}},"line":95}},"branchMap":{"0":{"loc":{"start":{"line":16,"column":4},"end":{"line":18,"column":5}},"type":"if","locations":[{"start":{"line":16,"column":4},"end":{"line":18,"column":5}},{"start":{},"end":{}}],"line":16},"1":{"loc":{"start":{"line":22,"column":4},"end":{"line":25,"column":5}},"type":"if","locations":[{"start":{"line":22,"column":4},"end":{"line":25,"column":5}},{"start":{},"end":{}}],"line":22},"2":{"loc":{"start":{"line":22,"column":8},"end":{"line":22,"column":25}},"type":"binary-expr","locations":[{"start":{"line":22,"column":8},"end":{"line":22,"column":13}},{"start":{"line":22,"column":17},"end":{"line":22,"column":25}}],"line":22},"3":{"loc":{"start":{"line":57,"column":4},"end":{"line":59,"column":5}},"type":"if","locations":[{"start":{"line":57,"column":4},"end":{"line":59,"column":5}},{"start":{},"end":{}}],"line":57},"4":{"loc":{"start":{"line":63,"column":4},"end":{"line":65,"column":5}},"type":"if","locations":[{"start":{"line":63,"column":4},"end":{"line":65,"column":5}},{"start":{},"end":{}}],"line":63},"5":{"loc":{"start":{"line":63,"column":8},"end":{"line":63,"column":25}},"type":"binary-expr","locations":[{"start":{"line":63,"column":8},"end":{"line":63,"column":13}},{"start":{"line":63,"column":17},"end":{"line":63,"column":25}}],"line":63},"6":{"loc":{"start":{"line":99,"column":4},"end":{"line":101,"column":5}},"type":"if","locations":[{"start":{"line":99,"column":4},"end":{"line":101,"column":5}},{"start":{},"end":{}}],"line":99},"7":{"loc":{"start":{"line":105,"column":4},"end":{"line":107,"column":5}},"type":"if","locations":[{"start":{"line":105,"column":4},"end":{"line":107,"column":5}},{"start":{},"end":{}}],"line":105}},"s":{"0":0,"1":0,"2":0,"3":0,"4":0,"5":0,"6":0,"7":0,"8":0,"9":0,"10":0,"11":0,"12":0,"13":0,"14":0,"15":0,"16":0,"17":0,"18":0,"19":0,"20":0,"21":0,"22":0,"23":0,"24":0,"25":0,"26":0,"27":0,"28":0,"29":0,"30":0,"31":0,"32":0,"33":0,"34":0,"35":0,"36":0,"37":0,"38":0,"39":0},"f":{"0":0,"1":0,"2":0},"b":{"0":[0,0],"1":[0,0],"2":[0,0],"3":[0,0],"4":[0,0],"5":[0,0],"6":[0,0],"7":[0,0]},"inputSourceMap":null}
,"T:\\Repos\\multibot-web-ex\\middleware\\auth.js": {"path":"T:\\Repos\\multibot-web-ex\\middleware\\auth.js","statementMap":{"0":{"start":{"line":2,"column":2},"end":{"line":4,"column":3}},"1":{"start":{"line":3,"column":4},"end":{"line":3,"column":18}},"2":{"start":{"line":8,"column":15},"end":{"line":8,"column":53}},"3":{"start":{"line":9,"column":2},"end":{"line":11,"column":3}},"4":{"start":{"line":10,"column":4},"end":{"line":10,"column":64}},"5":{"start":{"line":14,"column":2},"end":{"line":14,"column":20}},"6":{"start":{"line":19,"column":2},"end":{"line":26,"column":3}},"7":{"start":{"line":20,"column":4},"end":{"line":25,"column":6}},"8":{"start":{"line":27,"column":2},"end":{"line":27,"column":9}}},"fnMap":{"0":{"name":"requireAuth","decl":{"start":{"line":1,"column":16},"end":{"line":1,"column":27}},"loc":{"start":{"line":1,"column":44},"end":{"line":15,"column":1}},"line":1},"1":{"name":"optionalAuth","decl":{"start":{"line":17,"column":16},"end":{"line":17,"column":28}},"loc":{"start":{"line":17,"column":45},"end":{"line":28,"column":1}},"line":17}},"branchMap":{"0":{"loc":{"start":{"line":2,"column":2},"end":{"line":4,"column":3}},"type":"if","locations":[{"start":{"line":2,"column":2},"end":{"line":4,"column":3}},{"start":{},"end":{}}],"line":2},"1":{"loc":{"start":{"line":2,"column":6},"end":{"line":2,"column":39}},"type":"binary-expr","locations":[{"start":{"line":2,"column":6},"end":{"line":2,"column":17}},{"start":{"line":2,"column":21},"end":{"line":2,"column":39}}],"line":2},"2":{"loc":{"start":{"line":8,"column":15},"end":{"line":8,"column":53}},"type":"binary-expr","locations":[{"start":{"line":8,"column":15},"end":{"line":8,"column":30}},{"start":{"line":8,"column":34},"end":{"line":8,"column":41}},{"start":{"line":8,"column":45},"end":{"line":8,"column":53}}],"line":8},"3":{"loc":{"start":{"line":9,"column":2},"end":{"line":11,"column":3}},"type":"if","locations":[{"start":{"line":9,"column":2},"end":{"line":11,"column":3}},{"start":{},"end":{}}],"line":9},"4":{"loc":{"start":{"line":19,"column":2},"end":{"line":26,"column":3}},"type":"if","locations":[{"start":{"line":19,"column":2},"end":{"line":26,"column":3}},{"start":{},"end":{}}],"line":19},"5":{"loc":{"start":{"line":19,"column":6},"end":{"line":19,"column":39}},"type":"binary-expr","locations":[{"start":{"line":19,"column":6},"end":{"line":19,"column":17}},{"start":{"line":19,"column":21},"end":{"line":19,"column":39}}],"line":19}},"s":{"0":0,"1":0,"2":0,"3":0,"4":0,"5":0,"6":0,"7":0,"8":0},"f":{"0":0,"1":0},"b":{"0":[0,0],"1":[0,0],"2":[0,0,0],"3":[0,0],"4":[0,0],"5":[0,0]},"inputSourceMap":null,"_coverageSchema":"1a1c01bbd47fc00a2c39e90264f33305004495a9","hash":"abe4fadfb9f344bf45ff82773f16e587570fdfd9"}
,"T:\\Repos\\multibot-web-ex\\models\\audioCommand.js": {"path":"T:\\Repos\\multibot-web-ex\\models\\audioCommand.js","statementMap":{"0":{"start":{"line":15,"column":6},"end":{"line":15,"column":22}},"1":{"start":{"line":17,"column":16},"end":{"line":23,"column":3}},"2":{"start":{"line":25,"column":17},"end":{"line":33,"column":3}},"3":{"start":{"line":35,"column":2},"end":{"line":43,"column":3}},"4":{"start":{"line":36,"column":19},"end":{"line":36,"column":50}},"5":{"start":{"line":37,"column":4},"end":{"line":37,"column":26}},"6":{"start":{"line":39,"column":4},"end":{"line":41,"column":5}},"7":{"start":{"line":40,"column":6},"end":{"line":40,"column":61}},"8":{"start":{"line":42,"column":4},"end":{"line":42,"column":56}},"9":{"start":{"line":50,"column":16},"end":{"line":54,"column":3}},"10":{"start":{"line":56,"column":2},"end":{"line":61,"column":3}},"11":{"start":{"line":57,"column":19},"end":{"line":57,"column":52}},"12":{"start":{"line":58,"column":4},"end":{"line":58,"column":23}},"13":{"start":{"line":60,"column":4},"end":{"line":60,"column":56}},"14":{"start":{"line":68,"column":16},"end":{"line":72,"column":3}},"15":{"start":{"line":74,"column":2},"end":{"line":79,"column":3}},"16":{"start":{"line":75,"column":19},"end":{"line":75,"column":58}},"17":{"start":{"line":76,"column":4},"end":{"line":76,"column":23}},"18":{"start":{"line":78,"column":4},"end":{"line":78,"column":56}},"19":{"start":{"line":86,"column":16},"end":{"line":89,"column":3}},"20":{"start":{"line":91,"column":2},"end":{"line":99,"column":3}},"21":{"start":{"line":92,"column":19},"end":{"line":92,"column":56}},"22":{"start":{"line":93,"column":4},"end":{"line":95,"column":5}},"23":{"start":{"line":94,"column":6},"end":{"line":94,"column":18}},"24":{"start":{"line":96,"column":4},"end":{"line":96,"column":26}},"25":{"start":{"line":98,"column":4},"end":{"line":98,"column":56}},"26":{"start":{"line":106,"column":24},"end":{"line":106,"column":96}},"27":{"start":{"line":107,"column":18},"end":{"line":107,"column":20}},"28":{"start":{"line":108,"column":17},"end":{"line":108,"column":19}},"29":{"start":{"line":109,"column":19},"end":{"line":109,"column":20}},"30":{"start":{"line":111,"column":2},"end":{"line":121,"column":5}},"31":{"start":{"line":112,"column":4},"end":{"line":120,"column":5}},"32":{"start":{"line":113,"column":6},"end":{"line":113,"column":46}},"33":{"start":{"line":114,"column":6},"end":{"line":118,"column":7}},"34":{"start":{"line":115,"column":8},"end":{"line":115,"column":51}},"35":{"start":{"line":117,"column":8},"end":{"line":117,"column":37}},"36":{"start":{"line":119,"column":6},"end":{"line":119,"column":19}},"37":{"start":{"line":123,"column":2},"end":{"line":125,"column":3}},"38":{"start":{"line":124,"column":4},"end":{"line":124,"column":49}},"39":{"start":{"line":127,"column":2},"end":{"line":127,"column":26}},"40":{"start":{"line":128,"column":16},"end":{"line":133,"column":3}},"41":{"start":{"line":135,"column":2},"end":{"line":146,"column":3}},"42":{"start":{"line":136,"column":19},"end":{"line":136,"column":50}},"43":{"start":{"line":137,"column":4},"end":{"line":139,"column":5}},"44":{"start":{"line":138,"column":6},"end":{"line":138,"column":18}},"45":{"start":{"line":140,"column":4},"end":{"line":140,"column":26}},"46":{"start":{"line":142,"column":4},"end":{"line":144,"column":5}},"47":{"start":{"line":143,"column":6},"end":{"line":143,"column":72}},"48":{"start":{"line":145,"column":4},"end":{"line":145,"column":56}},"49":{"start":{"line":153,"column":16},"end":{"line":157,"column":3}},"50":{"start":{"line":159,"column":2},"end":{"line":167,"column":3}},"51":{"start":{"line":160,"column":19},"end":{"line":160,"column":56}},"52":{"start":{"line":161,"column":4},"end":{"line":163,"column":5}},"53":{"start":{"line":162,"column":6},"end":{"line":162,"column":18}},"54":{"start":{"line":164,"column":4},"end":{"line":164,"column":26}},"55":{"start":{"line":166,"column":4},"end":{"line":166,"column":56}}},"fnMap":{"0":{"name":"createAudioCommand","decl":{"start":{"line":6,"column":22},"end":{"line":6,"column":40}},"loc":{"start":{"line":6,"column":59},"end":{"line":44,"column":1}},"line":6},"1":{"name":"getAudioCommandsByUserId","decl":{"start":{"line":49,"column":22},"end":{"line":49,"column":46}},"loc":{"start":{"line":49,"column":55},"end":{"line":62,"column":1}},"line":49},"2":{"name":"getActiveAudioCommandsByTwitchUserId","decl":{"start":{"line":67,"column":22},"end":{"line":67,"column":58}},"loc":{"start":{"line":67,"column":73},"end":{"line":80,"column":1}},"line":67},"3":{"name":"getAudioCommandById","decl":{"start":{"line":85,"column":22},"end":{"line":85,"column":41}},"loc":{"start":{"line":85,"column":54},"end":{"line":100,"column":1}},"line":85},"4":{"name":"updateAudioCommand","decl":{"start":{"line":105,"column":22},"end":{"line":105,"column":40}},"loc":{"start":{"line":105,"column":65},"end":{"line":147,"column":1}},"line":105},"5":{"name":"(anonymous_5)","decl":{"start":{"line":111,"column":34},"end":{"line":111,"column":35}},"loc":{"start":{"line":111,"column":43},"end":{"line":121,"column":3}},"line":111},"6":{"name":"deleteAudioCommand","decl":{"start":{"line":152,"column":22},"end":{"line":152,"column":40}},"loc":{"start":{"line":152,"column":53},"end":{"line":168,"column":1}},"line":152}},"branchMap":{"0":{"loc":{"start":{"line":14,"column":4},"end":{"line":14,"column":16}},"type":"default-arg","locations":[{"start":{"line":14,"column":13},"end":{"line":14,"column":16}}],"line":14},"1":{"loc":{"start":{"line":30,"column":4},"end":{"line":30,"column":19}},"type":"binary-expr","locations":[{"start":{"line":30,"column":4},"end":{"line":30,"column":11}},{"start":{"line":30,"column":15},"end":{"line":30,"column":19}}],"line":30},"2":{"loc":{"start":{"line":39,"column":4},"end":{"line":41,"column":5}},"type":"if","locations":[{"start":{"line":39,"column":4},"end":{"line":41,"column":5}},{"start":{},"end":{}}],"line":39},"3":{"loc":{"start":{"line":93,"column":4},"end":{"line":95,"column":5}},"type":"if","locations":[{"start":{"line":93,"column":4},"end":{"line":95,"column":5}},{"start":{},"end":{}}],"line":93},"4":{"loc":{"start":{"line":112,"column":4},"end":{"line":120,"column":5}},"type":"if","locations":[{"start":{"line":112,"column":4},"end":{"line":120,"column":5}},{"start":{},"end":{}}],"line":112},"5":{"loc":{"start":{"line":114,"column":6},"end":{"line":118,"column":7}},"type":"if","locations":[{"start":{"line":114,"column":6},"end":{"line":118,"column":7}},{"start":{"line":116,"column":13},"end":{"line":118,"column":7}}],"line":114},"6":{"loc":{"start":{"line":123,"column":2},"end":{"line":125,"column":3}},"type":"if","locations":[{"start":{"line":123,"column":2},"end":{"line":125,"column":3}},{"start":{},"end":{}}],"line":123},"7":{"loc":{"start":{"line":137,"column":4},"end":{"line":139,"column":5}},"type":"if","locations":[{"start":{"line":137,"column":4},"end":{"line":139,"column":5}},{"start":{},"end":{}}],"line":137},"8":{"loc":{"start":{"line":142,"column":4},"end":{"line":144,"column":5}},"type":"if","locations":[{"start":{"line":142,"column":4},"end":{"line":144,"column":5}},{"start":{},"end":{}}],"line":142},"9":{"loc":{"start":{"line":161,"column":4},"end":{"line":163,"column":5}},"type":"if","locations":[{"start":{"line":161,"column":4},"end":{"line":163,"column":5}},{"start":{},"end":{}}],"line":161}},"s":{"0":0,"1":0,"2":0,"3":0,"4":0,"5":0,"6":0,"7":0,"8":0,"9":0,"10":0,"11":0,"12":0,"13":0,"14":0,"15":0,"16":0,"17":0,"18":0,"19":0,"20":0,"21":0,"22":0,"23":0,"24":0,"25":0,"26":0,"27":0,"28":0,"29":0,"30":0,"31":0,"32":0,"33":0,"34":0,"35":0,"36":0,"37":0,"38":0,"39":0,"40":0,"41":0,"42":0,"43":0,"44":0,"45":0,"46":0,"47":0,"48":0,"49":0,"50":0,"51":0,"52":0,"53":0,"54":0,"55":0},"f":{"0":0,"1":0,"2":0,"3":0,"4":0,"5":0,"6":0},"b":{"0":[0],"1":[0,0],"2":[0,0],"3":[0,0],"4":[0,0],"5":[0,0],"6":[0,0],"7":[0,0],"8":[0,0],"9":[0,0]},"inputSourceMap":null}
,"T:\\Repos\\multibot-web-ex\\models\\obsToken.js": {"path":"T:\\Repos\\multibot-web-ex\\models\\obsToken.js","statementMap":{"0":{"start":{"line":9,"column":2},"end":{"line":9,"column":51}},"1":{"start":{"line":17,"column":2},"end":{"line":39,"column":3}},"2":{"start":{"line":19,"column":26},"end":{"line":19,"column":71}},"3":{"start":{"line":20,"column":27},"end":{"line":20,"column":68}},"4":{"start":{"line":22,"column":4},"end":{"line":24,"column":5}},"5":{"start":{"line":23,"column":6},"end":{"line":23,"column":36}},"6":{"start":{"line":27,"column":18},"end":{"line":27,"column":33}},"7":{"start":{"line":28,"column":24},"end":{"line":32,"column":5}},"8":{"start":{"line":34,"column":25},"end":{"line":34,"column":85}},"9":{"start":{"line":35,"column":4},"end":{"line":35,"column":32}},"10":{"start":{"line":37,"column":4},"end":{"line":37,"column":62}},"11":{"start":{"line":38,"column":4},"end":{"line":38,"column":56}},"12":{"start":{"line":46,"column":2},"end":{"line":58,"column":3}},"13":{"start":{"line":47,"column":18},"end":{"line":47,"column":61}},"14":{"start":{"line":48,"column":19},"end":{"line":48,"column":51}},"15":{"start":{"line":50,"column":4},"end":{"line":52,"column":5}},"16":{"start":{"line":51,"column":6},"end":{"line":51,"column":18}},"17":{"start":{"line":54,"column":4},"end":{"line":54,"column":26}},"18":{"start":{"line":56,"column":4},"end":{"line":56,"column":53}},"19":{"start":{"line":57,"column":4},"end":{"line":57,"column":56}},"20":{"start":{"line":65,"column":2},"end":{"line":77,"column":3}},"21":{"start":{"line":66,"column":18},"end":{"line":66,"column":63}},"22":{"start":{"line":67,"column":19},"end":{"line":67,"column":52}},"23":{"start":{"line":69,"column":4},"end":{"line":71,"column":5}},"24":{"start":{"line":70,"column":6},"end":{"line":70,"column":18}},"25":{"start":{"line":73,"column":4},"end":{"line":73,"column":26}},"26":{"start":{"line":75,"column":4},"end":{"line":75,"column":64}},"27":{"start":{"line":76,"column":4},"end":{"line":76,"column":56}},"28":{"start":{"line":85,"column":2},"end":{"line":103,"column":3}},"29":{"start":{"line":87,"column":24},"end":{"line":87,"column":67}},"30":{"start":{"line":88,"column":4},"end":{"line":88,"column":44}},"31":{"start":{"line":91,"column":18},"end":{"line":91,"column":33}},"32":{"start":{"line":92,"column":24},"end":{"line":96,"column":5}},"33":{"start":{"line":98,"column":19},"end":{"line":98,"column":79}},"34":{"start":{"line":99,"column":4},"end":{"line":99,"column":26}},"35":{"start":{"line":101,"column":4},"end":{"line":101,"column":58}},"36":{"start":{"line":102,"column":4},"end":{"line":102,"column":56}},"37":{"start":{"line":110,"column":2},"end":{"line":124,"column":3}},"38":{"start":{"line":111,"column":18},"end":{"line":116,"column":5}},"39":{"start":{"line":118,"column":19},"end":{"line":118,"column":51}},"40":{"start":{"line":119,"column":4},"end":{"line":119,"column":26}},"41":{"start":{"line":121,"column":4},"end":{"line":121,"column":56}},"42":{"start":{"line":123,"column":4},"end":{"line":123,"column":16}},"43":{"start":{"line":131,"column":2},"end":{"line":138,"column":3}},"44":{"start":{"line":132,"column":18},"end":{"line":132,"column":73}},"45":{"start":{"line":133,"column":19},"end":{"line":133,"column":52}},"46":{"start":{"line":134,"column":4},"end":{"line":134,"column":26}},"47":{"start":{"line":136,"column":4},"end":{"line":136,"column":54}},"48":{"start":{"line":137,"column":4},"end":{"line":137,"column":56}}},"fnMap":{"0":{"name":"generateToken","decl":{"start":{"line":8,"column":9},"end":{"line":8,"column":22}},"loc":{"start":{"line":8,"column":25},"end":{"line":10,"column":1}},"line":8},"1":{"name":"getOrCreateObsToken","decl":{"start":{"line":16,"column":22},"end":{"line":16,"column":41}},"loc":{"start":{"line":16,"column":64},"end":{"line":40,"column":1}},"line":16},"2":{"name":"getObsTokenByToken","decl":{"start":{"line":45,"column":22},"end":{"line":45,"column":40}},"loc":{"start":{"line":45,"column":48},"end":{"line":59,"column":1}},"line":45},"3":{"name":"getObsTokenByUserId","decl":{"start":{"line":64,"column":22},"end":{"line":64,"column":41}},"loc":{"start":{"line":64,"column":50},"end":{"line":78,"column":1}},"line":64},"4":{"name":"regenerateObsToken","decl":{"start":{"line":84,"column":22},"end":{"line":84,"column":40}},"loc":{"start":{"line":84,"column":63},"end":{"line":104,"column":1}},"line":84},"5":{"name":"updateTokenUsage","decl":{"start":{"line":109,"column":22},"end":{"line":109,"column":38}},"loc":{"start":{"line":109,"column":46},"end":{"line":125,"column":1}},"line":109},"6":{"name":"deleteObsToken","decl":{"start":{"line":130,"column":22},"end":{"line":130,"column":36}},"loc":{"start":{"line":130,"column":45},"end":{"line":139,"column":1}},"line":130}},"branchMap":{"0":{"loc":{"start":{"line":22,"column":4},"end":{"line":24,"column":5}},"type":"if","locations":[{"start":{"line":22,"column":4},"end":{"line":24,"column":5}},{"start":{},"end":{}}],"line":22},"1":{"loc":{"start":{"line":50,"column":4},"end":{"line":52,"column":5}},"type":"if","locations":[{"start":{"line":50,"column":4},"end":{"line":52,"column":5}},{"start":{},"end":{}}],"line":50},"2":{"loc":{"start":{"line":69,"column":4},"end":{"line":71,"column":5}},"type":"if","locations":[{"start":{"line":69,"column":4},"end":{"line":71,"column":5}},{"start":{},"end":{}}],"line":69}},"s":{"0":0,"1":0,"2":0,"3":0,"4":0,"5":0,"6":0,"7":0,"8":0,"9":0,"10":0,"11":0,"12":0,"13":0,"14":0,"15":0,"16":0,"17":0,"18":0,"19":0,"20":0,"21":0,"22":0,"23":0,"24":0,"25":0,"26":0,"27":0,"28":0,"29":0,"30":0,"31":0,"32":0,"33":0,"34":0,"35":0,"36":0,"37":0,"38":0,"39":0,"40":0,"41":0,"42":0,"43":0,"44":0,"45":0,"46":0,"47":0,"48":0},"f":{"0":0,"1":0,"2":0,"3":0,"4":0,"5":0,"6":0},"b":{"0":[0,0],"1":[0,0],"2":[0,0]},"inputSourceMap":null}
,"T:\\Repos\\multibot-web-ex\\models\\user.js": {"path":"T:\\Repos\\multibot-web-ex\\models\\user.js","statementMap":{"0":{"start":{"line":5,"column":2},"end":{"line":54,"column":3}},"1":{"start":{"line":16,"column":8},"end":{"line":16,"column":16}},"2":{"start":{"line":18,"column":18},"end":{"line":35,"column":5}},"3":{"start":{"line":37,"column":19},"end":{"line":47,"column":5}},"4":{"start":{"line":49,"column":19},"end":{"line":49,"column":50}},"5":{"start":{"line":50,"column":4},"end":{"line":50,"column":26}},"6":{"start":{"line":52,"column":4},"end":{"line":52,"column":58}},"7":{"start":{"line":53,"column":4},"end":{"line":53,"column":56}},"8":{"start":{"line":58,"column":16},"end":{"line":58,"column":63}},"9":{"start":{"line":59,"column":17},"end":{"line":59,"column":56}},"10":{"start":{"line":61,"column":2},"end":{"line":63,"column":3}},"11":{"start":{"line":62,"column":4},"end":{"line":62,"column":16}},"12":{"start":{"line":65,"column":15},"end":{"line":65,"column":29}},"13":{"start":{"line":68,"column":15},"end":{"line":68,"column":17}},"14":{"start":{"line":69,"column":2},"end":{"line":84,"column":3}},"15":{"start":{"line":70,"column":4},"end":{"line":80,"column":5}},"16":{"start":{"line":72,"column":6},"end":{"line":77,"column":7}},"17":{"start":{"line":73,"column":8},"end":{"line":73,"column":41}},"18":{"start":{"line":76,"column":8},"end":{"line":76,"column":62}},"19":{"start":{"line":76,"column":52},"end":{"line":76,"column":60}},"20":{"start":{"line":78,"column":11},"end":{"line":80,"column":5}},"21":{"start":{"line":79,"column":6},"end":{"line":79,"column":27}},"22":{"start":{"line":82,"column":4},"end":{"line":82,"column":49}},"23":{"start":{"line":83,"column":4},"end":{"line":83,"column":16}},"24":{"start":{"line":86,"column":2},"end":{"line":91,"column":4}},"25":{"start":{"line":95,"column":16},"end":{"line":95,"column":51}},"26":{"start":{"line":96,"column":17},"end":{"line":96,"column":46}},"27":{"start":{"line":98,"column":2},"end":{"line":100,"column":3}},"28":{"start":{"line":99,"column":4},"end":{"line":99,"column":16}},"29":{"start":{"line":102,"column":15},"end":{"line":102,"column":29}},"30":{"start":{"line":105,"column":15},"end":{"line":105,"column":17}},"31":{"start":{"line":106,"column":2},"end":{"line":121,"column":3}},"32":{"start":{"line":107,"column":4},"end":{"line":117,"column":5}},"33":{"start":{"line":109,"column":6},"end":{"line":114,"column":7}},"34":{"start":{"line":110,"column":8},"end":{"line":110,"column":41}},"35":{"start":{"line":113,"column":8},"end":{"line":113,"column":62}},"36":{"start":{"line":113,"column":52},"end":{"line":113,"column":60}},"37":{"start":{"line":115,"column":11},"end":{"line":117,"column":5}},"38":{"start":{"line":116,"column":6},"end":{"line":116,"column":27}},"39":{"start":{"line":119,"column":4},"end":{"line":119,"column":49}},"40":{"start":{"line":120,"column":4},"end":{"line":120,"column":16}},"41":{"start":{"line":123,"column":2},"end":{"line":128,"column":4}},"42":{"start":{"line":132,"column":16},"end":{"line":137,"column":3}},"43":{"start":{"line":139,"column":17},"end":{"line":144,"column":3}},"44":{"start":{"line":146,"column":17},"end":{"line":146,"column":48}},"45":{"start":{"line":147,"column":2},"end":{"line":147,"column":24}}},"fnMap":{"0":{"name":"createUser","decl":{"start":{"line":4,"column":22},"end":{"line":4,"column":32}},"loc":{"start":{"line":4,"column":43},"end":{"line":55,"column":1}},"line":4},"1":{"name":"getUserByTwitchId","decl":{"start":{"line":57,"column":22},"end":{"line":57,"column":39}},"loc":{"start":{"line":57,"column":54},"end":{"line":92,"column":1}},"line":57},"2":{"name":"(anonymous_2)","decl":{"start":{"line":76,"column":47},"end":{"line":76,"column":48}},"loc":{"start":{"line":76,"column":52},"end":{"line":76,"column":60}},"line":76},"3":{"name":"getUserById","decl":{"start":{"line":94,"column":22},"end":{"line":94,"column":33}},"loc":{"start":{"line":94,"column":38},"end":{"line":129,"column":1}},"line":94},"4":{"name":"(anonymous_4)","decl":{"start":{"line":113,"column":47},"end":{"line":113,"column":48}},"loc":{"start":{"line":113,"column":52},"end":{"line":113,"column":60}},"line":113},"5":{"name":"updateUserTokens","decl":{"start":{"line":131,"column":22},"end":{"line":131,"column":38}},"loc":{"start":{"line":131,"column":96},"end":{"line":148,"column":1}},"line":131}},"branchMap":{"0":{"loc":{"start":{"line":61,"column":2},"end":{"line":63,"column":3}},"type":"if","locations":[{"start":{"line":61,"column":2},"end":{"line":63,"column":3}},{"start":{},"end":{}}],"line":61},"1":{"loc":{"start":{"line":70,"column":4},"end":{"line":80,"column":5}},"type":"if","locations":[{"start":{"line":70,"column":4},"end":{"line":80,"column":5}},{"start":{"line":78,"column":11},"end":{"line":80,"column":5}}],"line":70},"2":{"loc":{"start":{"line":78,"column":11},"end":{"line":80,"column":5}},"type":"if","locations":[{"start":{"line":78,"column":11}
[...]
51,"column":35},"end":{"line":281,"column":13}},"line":251},"12":{"name":"connectToChat","decl":{"start":{"line":355,"column":22},"end":{"line":355,"column":35}},"loc":{"start":{"line":355,"column":98},"end":{"line":464,"column":1}},"line":355},"13":{"name":"(anonymous_13)","decl":{"start":{"line":369,"column":36},"end":{"line":369,"column":37}},"loc":{"start":{"line":369,"column":76},"end":{"line":402,"column":5}},"line":369},"14":{"name":"(anonymous_14)","decl":{"start":{"line":405,"column":38},"end":{"line":405,"column":39}},"loc":{"start":{"line":405,"column":54},"end":{"line":416,"column":5}},"line":405},"15":{"name":"(anonymous_15)","decl":{"start":{"line":418,"column":41},"end":{"line":418,"column":42}},"loc":{"start":{"line":418,"column":53},"end":{"line":427,"column":5}},"line":418},"16":{"name":"(anonymous_16)","decl":{"start":{"line":429,"column":38},"end":{"line":429,"column":39}},"loc":{"start":{"line":429,"column":44},"end":{"line":435,"column":5}},"line":429},"17":{"name":"(anonymous_17)","decl":{"start":{"line":438,"column":33},"end":{"line":438,"column":34}},"loc":{"start":{"line":438,"column":62},"end":{"line":443,"column":5}},"line":438},"18":{"name":"(anonymous_18)","decl":{"start":{"line":445,"column":33},"end":{"line":445,"column":34}},"loc":{"start":{"line":445,"column":62},"end":{"line":449,"column":5}},"line":445},"19":{"name":"(anonymous_19)","decl":{"start":{"line":452,"column":35},"end":{"line":452,"column":36}},"loc":{"start":{"line":452,"column":64},"end":{"line":454,"column":5}},"line":452},"20":{"name":"disconnectFromChat","decl":{"start":{"line":469,"column":22},"end":{"line":469,"column":40}},"loc":{"start":{"line":469,"column":55},"end":{"line":487,"column":1}},"line":469},"21":{"name":"reloadCommandHandlers","decl":{"start":{"line":492,"column":22},"end":{"line":492,"column":43}},"loc":{"start":{"line":492,"column":58},"end":{"line":494,"column":1}},"line":492},"22":{"name":"getChatStatus","decl":{"start":{"line":499,"column":16},"end":{"line":499,"column":29}},"loc":{"start":{"line":499,"column":44},"end":{"line":509,"column":1}},"line":499},"23":{"name":"getMessageHistory","decl":{"start":{"line":514,"column":16},"end":{"line":514,"column":33}},"loc":{"start":{"line":514,"column":48},"end":{"line":520,"column":1}},"line":514},"24":{"name":"sendChatMessage","decl":{"start":{"line":525,"column":22},"end":{"line":525,"column":37}},"loc":{"start":{"line":525,"column":61},"end":{"line":532,"column":1}},"line":525}},"branchMap":{"0":{"loc":{"start":{"line":23,"column":2},"end":{"line":23,"column":19}},"type":"if","locations":[{"start":{"line":23,"column":2},"end":{"line":23,"column":19}},{"start":{},"end":{}}],"line":23},"1":{"loc":{"start":{"line":27,"column":4},"end":{"line":32,"column":5}},"type":"if","locations":[{"start":{"line":27,"column":4},"end":{"line":32,"column":5}},{"start":{},"end":{}}],"line":27},"2":{"loc":{"start":{"line":27,"column":8},"end":{"line":27,"column":98}},"type":"binary-expr","locations":[{"start":{"line":27,"column":8},"end":{"line":27,"column":21}},{"start":{"line":27,"column":25},"end":{"line":27,"column":71}},{"start":{"line":27,"column":75},"end":{"line":27,"column":98}}],"line":27},"3":{"loc":{"start":{"line":39,"column":60},"end":{"line":39,"column":78}},"type":"default-arg","locations":[{"start":{"line":39,"column":74},"end":{"line":39,"column":78}}],"line":39},"4":{"loc":{"start":{"line":41,"column":2},"end":{"line":43,"column":3}},"type":"if","locations":[{"start":{"line":41,"column":2},"end":{"line":43,"column":3}},{"start":{},"end":{}}],"line":41},"5":{"loc":{"start":{"line":48,"column":2},"end":{"line":57,"column":3}},"type":"if","locations":[{"start":{"line":48,"column":2},"end":{"line":57,"column":3}},{"start":{},"end":{}}],"line":48},"6":{"loc":{"start":{"line":51,"column":6},"end":{"line":53,"column":7}},"type":"if","locations":[{"start":{"line":51,"column":6},"end":{"line":53,"column":7}},{"start":{},"end":{}}],"line":51},"7":{"loc":{"start":{"line":51,"column":10},"end":{"line":51,"column":35}},"type":"binary-expr","locations":[{"start":{"line":51,"column":10},"end":{"line":51,"column":14}},{"start":{"line":51,"column":18},"end":{"line":51,"column":35}}],"line":51},"8":{"loc":{"start":{"line":59,"column":2},"end":{"line":61,"column":3}},"type":"if","locations":[{"start":{"line":59,"column":2},"end":{"line":61,"column":3}},{"start":{},"end":{}}],"line":59},"9":{"loc":{"start":{"line":131,"column":19},"end":{"line":131,"column":96}},"type":"binary-expr","locations":[{"start":{"line":131,"column":19},"end":{"line":131,"column":52}},{"start":{"line":131,"column":56},"end":{"line":131,"column":96}}],"line":131},"10":{"loc":{"start":{"line":135,"column":2},"end":{"line":137,"column":3}},"type":"if","locations":[{"start":{"line":135,"column":2},"end":{"line":137,"column":3}},{"start":{},"end":{}}],"line":135},"11":{"loc":{"start":{"line":135,"column":6},"end":{"line":135,"column":53}},"type":"binary-expr","locations":[{"start":{"line":135,"column":6},"end":{"line":135,"column":24}},{"start":{"line":135,"column":28},"end":{"line":135,"column":53}}],"line":135},"12":{"loc":{"start":{"line":142,"column":2},"end":{"line":144,"column":3}},"type":"if","locations":[{"start":{"line":142,"column":2},"end":{"line":144,"column":3}},{"start":{},"end":{}}],"line":142},"13":{"loc":{"start":{"line":147,"column":2},"end":{"line":156,"column":3}},"type":"if","locations":[{"start":{"line":147,"column":2},"end":{"line":156,"column":3}},{"start":{},"end":{}}],"line":147},"14":{"loc":{"start":{"line":165,"column":2},"end":{"line":168,"column":3}},"type":"if","locations":[{"start":{"line":165,"column":2},"end":{"line":168,"column":3}},{"start":{},"end":{}}],"line":165},"15":{"loc":{"start":{"line":173,"column":4},"end":{"line":189,"column":5}},"type":"if","locations":[{"start":{"line":173,"column":4},"end":{"line":189,"column":5}},{"start":{},"end":{}}],"line":173},"16":{"loc":{"start":{"line":173,"column":8},"end":{"line":176,"column":30}},"type":"binary-expr","locations":[{"start":{"line":173,"column":8},"end":{"line":173,"column":21}},{"start":{"line":174,"column":8},"end":{"line":174,"column":54}},{"start":{"line":175,"column":8},"end":{"line":175,"column":31}},{"start":{"line":176,"column":8},"end":{"line":176,"column":30}}],"line":173},"17":{"loc":{"start":{"line":183,"column":8},"end":{"line":185,"column":9}},"type":"if","locations":[{"start":{"line":183,"column":8},"end":{"line":185,"column":9}},{"start":{},"end":{}}],"line":183},"18":{"loc":{"start":{"line":192,"column":2},"end":{"line":196,"column":3}},"type":"if","locations":[{"start":{"line":192,"column":2},"end":{"line":196,"column":3}},{"start":{"line":194,"column":9},"end":{"line":196,"column":3}}],"line":192},"19":{"loc":{"start":{"line":206,"column":2},"end":{"line":208,"column":3}},"type":"if","locations":[{"start":{"line":206,"column":2},"end":{"line":208,"column":3}},{"start":{},"end":{}}],"line":206},"20":{"loc":{"start":{"line":212,"column":4},"end":{"line":216,"column":5}},"type":"if","locations":[{"start":{"line":212,"column":4},"end":{"line":216,"column":5}},{"start":{},"end":{}}],"line":212},"21":{"loc":{"start":{"line":226,"column":6},"end":{"line":292,"column":7}},"type":"if","locations":[{"start":{"line":226,"column":6},"end":{"line":292,"column":7}},{"start":{"line":286,"column":13},"end":{"line":292,"column":7}}],"line":226},"22":{"loc":{"start":{"line":226,"column":10},"end":{"line":226,"column":46}},"type":"binary-expr","locations":[{"start":{"line":226,"column":10},"end":{"line":226,"column":22}},{"start":{"line":226,"column":26},"end":{"line":226,"column":46}}],"line":226},"23":{"loc":{"start":{"line":229,"column":42},"end":{"line":229,"column":77}},"type":"binary-expr","locations":[{"start":{"line":229,"column":42},"end":{"line":229,"column":72}},{"start":{"line":229,"column":76},"end":{"line":229,"column":77}}],"line":229},"24":{"loc":{"start":{"line":230,"column":40},"end":{"line":230,"column":73}},"type":"binary-expr","locations":[{"start":{"line":230,"column":40},"end":{"line":230,"column":68}},{"start":{"line":230,"column":72},"end":{"line":230,"column":73}}],"line":230},"25":{"loc":{"start":{"line":242,"column":49},"end":{"line":242,"column":86}},"type":"binary-expr","locations":[{"start":{"line":242,"column":49},"end":{"line":242,"column":81}},{"start":{"line":242,"column":85},"end":{"line":242,"column":86}}],"line":242},"26":{"loc":{"start":{"line":243,"column":59},"end":{"line":243,"column":93}},"type":"binary-expr","locations":[{"start":{"line":243,"column":59},"end":{"line":243,"column":88}},{"start":{"line":243,"column":92},"end":{"line":243,"column":93}}],"line":243},"27":{"loc":{"start":{"line":245,"column":10},"end":{"line":284,"column":11}},"type":"if","locations":[{"start":{"line":245,"column":10},"end":{"line":284,"column":11}},{"start":{"line":282,"column":17},"end":{"line":284,"column":11}}],"line":245},"28":{"loc":{"start":{"line":246,"column":45},"end":{"line":246,"column":79}},"type":"binary-expr","locations":[{"start":{"line":246,"column":45},"end":{"line":246,"column":74}},{"start":{"line":246,"column":78},"end":{"line":246,"column":79}}],"line":246},"29":{"loc":{"start":{"line":254,"column":16},"end":{"line":276,"column":17}},"type":"if","locations":[{"start":{"line":254,"column":16},"end":{"line":276,"column":17}},{"start":{"line":274,"column":23},"end":{"line":276,"column":17}}],"line":254},"30":{"loc":{"start":{"line":254,"column":20},"end":{"line":254,"column":45}},"type":"binary-expr","locations":[{"start":{"line":254,"column":20},"end":{"line":254,"column":24}},{"start":{"line":254,"column":28},"end":{"line":254,"column":45}}],"line":254},"31":{"loc":{"start":{"line":257,"column":18},"end":{"line":268,"column":19}},"type":"if","locations":[{"start":{"line":257,"column":18},"end":{"line":268,"column":19}},{"start":{},"end":{}}],"line":257},"32":{"loc":{"start":{"line":260,"column":22},"end":{"line":263,"column":23}},"type":"if","locations":[{"start":{"line":260,"column":22},"end":{"line":263,"column":23}},{"start":{},"end":{}}],"line":260},"33":{"loc":{"start":{"line":271,"column":52},"end":{"line":271,"column":88}},"type":"binary-expr","locations":[{"start":{"line":271,"column":52},"end":{"line":271,"column":72}},{"start":{"line":271,"column":76},"end":{"line":271,"column":88}}],"line":271},"34":{"loc":{"start":{"line":286,"column":13},"end":{"line":292,"column":7}},"type":"if","locations":[{"start":{"line":286,"column":13},"end":{"line":292,"column":7}},{"start":{},"end":{}}],"line":286},"35":{"loc":{"start":{"line":286,"column":17},"end":{"line":286,"column":52}},"type":"binary-expr","locations":[{"start":{"line":286,"column":17},"end":{"line":286,"column":28}},{"start":{"line":286,"column":32},"end":{"line":286,"column":52}}],"line":286},"36":{"loc":{"start":{"line":288,"column":8},"end":{"line":291,"column":9}},"type":"if","locations":[{"start":{"line":288,"column":8},"end":{"line":291,"column":9}},{"start":{},"end":{}}],"line":288},"37":{"loc":{"start":{"line":299,"column":6},"end":{"line":316,"column":7}},"type":"if","locations":[{"start":{"line":299,"column":6},"end":{"line":316,"column":7}},{"start":{},"end":{}}],"line":299},"38":{"loc":{"start":{"line":299,"column":10},"end":{"line":299,"column":100}},"type":"binary-expr","locations":[{"start":{"line":299,"column":10},"end":{"line":299,"column":21}},{"start":{"line":299,"column":25},"end":{"line":299,"column":61}},{"start":{"line":299,"column":65},"end":{"line":299,"column":100}}],"line":299},"39":{"loc":{"start":{"line":306,"column":10},"end":{"line":310,"column":11}},"type":"if","locations":[{"start":{"line":306,"column":10},"end":{"line":310,"column":11}},{"start":{},"end":{}}],"line":306},"40":{"loc":{"start":{"line":319,"column":6},"end":{"line":324,"column":7}},"type":"if","locations":[{"start":{"line":319,"column":6},"end":{"line":324,"column":7}},{"start":{},"end":{}}],"line":319},"41":{"loc":{"start":{"line":319,"column":10},"end":{"line":319,"column":89}},"type":"binary-expr","locations":[{"start":{"line":319,"column":10},"end":{"line":319,"column":21}},{"start":{"line":319,"column":25},"end":{"line":319,"column":89}}],"line":319},"42":{"loc":{"start":{"line":328,"column":40},"end":{"line":328,"column":75}},"type":"binary-expr","locations":[{"start":{"line":328,"column":40},"end":{"line":328,"column":70}},{"start":{"line":328,"column":74},"end":{"line":328,"column":75}}],"line":328},"43":{"loc":{"start":{"line":331,"column":6},"end":{"line":339,"column":7}},"type":"if","locations":[{"start":{"line":331,"column":6},"end":{"line":339,"column":7}},{"start":{},"end":{}}],"line":331},"44":{"loc":{"start":{"line":342,"column":6},"end":{"line":344,"column":7}},"type":"if","locations":[{"start":{"line":342,"column":6},"end":{"line":344,"column":7}},{"start":{},"end":{}}],"line":342},"45":{"loc":{"start":{"line":355,"column":60},"end":{"line":355,"column":78}},"type":"default-arg","locations":[{"start":{"line":355,"column":74},"end":{"line":355,"column":78}}],"line":355},"46":{"loc":{"start":{"line":355,"column":80},"end":{"line":355,"column":96}},"type":"default-arg","locations":[{"start":{"line":355,"column":92},"end":{"line":355,"column":96}}],"line":355},"47":{"loc":{"start":{"line":359,"column":4},"end":{"line":363,"column":5}},"type":"if","locations":[{"start":{"line":359,"column":4},"end":{"line":363,"column":5}},{"start":{},"end":{}}],"line":359},"48":{"loc":{"start":{"line":371,"column":12},"end":{"line":371,"column":44}},"type":"binary-expr","locations":[{"start":{"line":371,"column":12},"end":{"line":371,"column":19}},{"start":{"line":371,"column":23},"end":{"line":371,"column":44}}],"line":371},"49":{"loc":{"start":{"line":372,"column":18},"end":{"line":372,"column":44}},"type":"binary-expr","locations":[{"start":{"line":372,"column":18},"end":{"line":372,"column":31}},{"start":{"line":372,"column":35},"end":{"line":372,"column":44}}],"line":372},"50":{"loc":{"start":{"line":373,"column":21},"end":{"line":373,"column":71}},"type":"binary-expr","locations":[{"start":{"line":373,"column":21},"end":{"line":373,"column":41}},{"start":{"line":373,"column":45},"end":{"line":373,"column":58}},{"start":{"line":373,"column":62},"end":{"line":373,"column":71}}],"line":373},"51":{"loc":{"start":{"line":376,"column":16},"end":{"line":376,"column":33}},"type":"binary-expr","locations":[{"start":{"line":376,"column":16},"end":{"line":376,"column":27}},{"start":{"line":376,"column":31},"end":{"line":376,"column":33}}],"line":376},"52":{"loc":{"start":{"line":377,"column":15},"end":{"line":377,"column":38}},"type":"binary-expr","locations":[{"start":{"line":377,"column":15},"end":{"line":377,"column":25}},{"start":{"line":377,"column":29},"end":{"line":377,"column":38}}],"line":377},"53":{"loc":{"start":{"line":386,"column":6},"end":{"line":388,"column":7}},"type":"if","locations":[{"start":{"line":386,"column":6},"end":{"line":388,"column":7}},{"start":{},"end":{}}],"line":386},"54":{"loc":{"start":{"line":391,"column":6},"end":{"line":393,"column":7}},"type":"if","locations":[{"start":{"line":391,"column":6},"end":{"line":393,"column":7}},{"start":{},"end":{}}],"line":391},"55":{"loc":{"start":{"line":396,"column":6},"end":{"line":398,"column":7}},"type":"if","locations":[{"start":{"line":396,"column":6},"end":{"line":398,"column":7}},{"start":{},"end":{}}],"line":396},"56":{"loc":{"start":{"line":423,"column":6},"end":{"line":426,"column":7}},"type":"if","locations":[{"start":{"line":423,"column":6},"end":{"line":426,"column":7}},{"start":{},"end":{}}],"line":423},"57":{"loc":{"start":{"line":439,"column":6},"end":{"line":442,"column":7}},"type":"if","locations":[{"start":{"line":439,"column":6},"end":{"line":442,"column":7}},{"start":{},"end":{}}],"line":439},"58":{"loc":{"start":{"line":446,"column":6},"end":{"line":448,"column":7}},"type":"if","locations":[{"start":{"line":446,"column":6},"end":{"line":448,"column":7}},{"start":{},"end":{}}],"line":446},"59":{"loc":{"start":{"line":471,"column":2},"end":{"line":485,"column":3}},"type":"if","locations":[{"start":{"line":471,"column":2},"end":{"line":485,"column":3}},{"start":{},"end":{}}],"line":471},"60":{"loc":{"start":{"line":471,"column":6},"end":{"line":471,"column":37}},"type":"binary-expr","locations":[{"start":{"line":471,"column":6},"end":{"line":471,"column":16}},{"start":{"line":471,"column":20},"end":{"line":471,"column":37}}],"line":471},"61":{"loc":{"start":{"line":476,"column":4},"end":{"line":479,"column":5}},"type":"if","locations":[{"start":{"line":476,"column":4},"end":{"line":479,"column":5}},{"start":{},"end":{}}],"line":476},"62":{"loc":{"start":{"line":501,"column":2},"end":{"line":503,"column":3}},"type":"if","locations":[{"start":{"line":501,"column":2},"end":{"line":503,"column":3}},{"start":{},"end":{}}],"line":501},"63":{"loc":{"start":{"line":516,"column":2},"end":{"line":518,"column":3}},"type":"if","locations":[{"start":{"line":516,"column":2},"end":{"line":518,"column":3}},{"start":{},"end":{}}],"line":516},"64":{"loc":{"start":{"line":527,"column":2},"end":{"line":529,"column":3}},"type":"if","locations":[{"start":{"line":527,"column":2},"end":{"line":529,"column":3}},{"start":{},"end":{}}],"line":527},"65":{"loc":{"start":{"line":527,"column":6},"end":{"line":527,"column":42}},"type":"binary-expr","locations":[{"start":{"line":527,"column":6},"end":{"line":527,"column":17}},{"start":{"line":527,"column":21},"end":{"line":527,"column":42}}],"line":527}},"s":{"0":0,"1":0,"2":0,"3":0,"4":0,"5":0,"6":0,"7":0,"8":0,"9":0,"10":0,"11":0,"12":0,"13":0,"14":0,"15":0,"16":0,"17":0,"18":0,"19":0,"20":0,"21":0,"22":0,"23":0,"24":0,"25":0,"26":0,"27":0,"28":0,"29":0,"30":0,"31":0,"32":0,"33":0,"34":0,"35":0,"36":0,"37":0,"38":0,"39":0,"40":0,"41":0,"42":0,"43":0,"44":0,"45":0,"46":0,"47":0,"48":0,"49":0,"50":0,"51":0,"52":0,"53":0,"54":0,"55":0,"56":0,"57":0,"58":0,"59":0,"60":0,"61":0,"62":0,"63":0,"64":0,"65":0,"66":0,"67":0,"68":0,"69":0,"70":0,"71":0,"72":0,"73":0,"74":0,"75":0,"76":0,"77":0,"78":0,"79":0,"80":0,"81":0,"82":0,"83":0,"84":0,"85":0,"86":0,"87":0,"88":0,"89":0,"90":0,"91":0,"92":0,"93":0,"94":0,"95":0,"96":0,"97":0,"98":0,"99":0,"100":0,"101":0,"102":0,"103":0,"104":0,"105":0,"106":0,"107":0,"108":0,"109":0,"110":0,"111":0,"112":0,"113":0,"114":0,"115":0,"116":0,"117":0,"118":0,"119":0,"120":0,"121":0,"122":0,"123":0,"124":0,"125":0,"126":0,"127":0,"128":0,"129":0,"130":0,"131":0,"132":0,"133":0,"134":0,"135":0,"136":0,"137":0,"138":0,"139":0,"140":0,"141":0,"142":0,"143":0,"144":0,"145":0,"146":0,"147":0,"148":0,"149":0,"150":0,"151":0,"152":0,"153":0,"154":0,"155":0,"156":0,"157":0,"158":0,"159":0,"160":0,"161":0,"162":0,"163":0,"164":0,"165":0,"166":0,"167":0,"168":0,"169":0,"170":0,"171":0,"172":0,"173":0,"174":0,"175":0,"176":0,"177":0,"178":0,"179":0,"180":0,"181":0,"182":0,"183":0,"184":0,"185":0,"186":0,"187":0,"188":0,"189":0,"190":0,"191":0,"192":0,"193":0,"194":0,"195":0,"196":0,"197":0,"198":0,"199":0,"200":0,"201":0,"202":0,"203":0,"204":0,"205":0,"206":0,"207":0,"208":0,"209":0},"f":{"0":0,"1":0,"2":0,"3":0,"4":0,"5":0,"6":0,"7":0,"8":0,"9":0,"10":0,"11":0,"12":0,"13":0,"14":0,"15":0,"16":0,"17":0,"18":0,"19":0,"20":0,"21":0,"22":0,"23":0,"24":0},"b":{"0":[0,0],"1":[0,0],"2":[0,0,0],"3":[0],"4":[0,0],"5":[0,0],"6":[0,0],"7":[0,0],"8":[0,0],"9":[0,0],"10":[0,0],"11":[0,0],"12":[0,0],"13":[0,0],"14":[0,0],"15":[0,0],"16":[0,0,0,0],"17":[0,0],"18":[0,0],"19":[0,0],"20":[0,0],"21":[0,0],"22":[0,0],"23":[0,0],"24":[0,0],"25":[0,0],"26":[0,0],"27":[0,0],"28":[0,0],"29":[0,0],"30":[0,0],"31":[0,0],"32":[0,0],"33":[0,0],"34":[0,0],"35":[0,0],"36":[0,0],"37":[0,0],"38":[0,0,0],"39":[0,0],"40":[0,0],"41":[0,0],"42":[0,0],"43":[0,0],"44":[0,0],"45":[0],"46":[0],"47":[0,0],"48":[0,0],"49":[0,0],"50":[0,0,0],"51":[0,0],"52":[0,0],"53":[0,0],"54":[0,0],"55":[0,0],"56":[0,0],"57":[0,0],"58":[0,0],"59":[0,0],"60":[0,0],"61":[0,0],"62":[0,0],"63":[0,0],"64":[0,0],"65":[0,0]},"inputSourceMap":null}
}
